Log file open, 09/24/18 11:35:16
LogWindows: Failed to load 'aqProf.dll' (GetLastError=126)
LogWindows: File 'aqProf.dll' does not exist
LogWindows: Failed to load 'VSPerf140.dll' (GetLastError=126)
LogWindows: File 'VSPerf140.dll' does not exist
LogWindows: Failed to load 'VtuneApi.dll' (GetLastError=126)
LogWindows: File 'VtuneApi.dll' does not exist
LogWindows: Failed to load 'VtuneApi32e.dll' (GetLastError=126)
LogWindows: File 'VtuneApi32e.dll' does not exist
LogInit: Display: Running engine for game: CaptFunctionalUnreal
LogPlatformFile: Not using cached read wrapper
LogTaskGraph: Started task graph with 5 named threads and 11 total threads with 3 sets of task threads.
LogStats: Stats thread started at 0.161864
LogD3D11RHI: Loaded GFSDK_Aftermath_Lib.x64.dll
LogICUInternationalization: Display: ICU TimeZone Detection - Raw Offset: +1:00, Platform Override: ''
LogPluginManager: Mounting plugin Paper2D
LogPluginManager: Mounting plugin AISupport
LogPluginManager: Mounting plugin LightPropagationVolume
LogPluginManager: Mounting plugin CLionSourceCodeAccess
LogPluginManager: Mounting plugin CodeLiteSourceCodeAccess
LogPluginManager: Mounting plugin GitSourceControl
LogPluginManager: Mounting plugin KDevelopSourceCodeAccess
LogPluginManager: Mounting plugin NullSourceCodeAccess
LogPluginManager: Mounting plugin PerforceSourceControl
LogPluginManager: Mounting plugin SubversionSourceControl
LogPluginManager: Mounting plugin UObjectPlugin
LogPluginManager: Mounting plugin VisualStudioCodeSourceCodeAccess
LogPluginManager: Mounting plugin VisualStudioSourceCodeAccess
LogPluginManager: Mounting plugin XCodeSourceCodeAccess
LogPluginManager: Mounting plugin AssetManagerEditor
LogPluginManager: Mounting plugin CryptoKeys
LogPluginManager: Mounting plugin DataValidation
LogPluginManager: Mounting plugin FacialAnimation
LogPluginManager: Mounting plugin GameplayTagsEditor
LogPluginManager: Mounting plugin MacGraphicsSwitching
LogPluginManager: Mounting plugin MeshEditor
LogPluginManager: Mounting plugin MobileLauncherProfileWizard
LogPluginManager: Mounting plugin PluginBrowser
LogPluginManager: Mounting plugin SpeedTreeImporter
LogPluginManager: Mounting plugin DatasmithContent
LogPluginManager: Mounting plugin AlembicImporter
LogPluginManager: Mounting plugin AppleImageUtils
LogPluginManager: Mounting plugin AppleVision
LogPluginManager: Mounting plugin BackChannel
LogPluginManager: Mounting plugin CharacterAI
LogPluginManager: Mounting plugin GeometryCache
LogPluginManager: Mounting plugin HTML5Networking
LogPluginManager: Mounting plugin ProxyLODPlugin
LogPluginManager: Mounting plugin MagicLeap
LogPluginManager: Mounting plugin MagicLeapEmulator
LogPluginManager: Mounting plugin MagicLeapMedia
LogPluginManager: Mounting plugin AndroidMedia
LogPluginManager: Mounting plugin AvfMedia
LogPluginManager: Mounting plugin ImgMedia
LogPluginManager: Mounting plugin LinearTimecode
LogPluginManager: Mounting plugin MediaCompositing
LogPluginManager: Mounting plugin MediaPlayerEditor
LogPluginManager: Mounting plugin WmfMedia
LogPluginManager: Mounting plugin TcpMessaging
LogPluginManager: Mounting plugin UdpMessaging
LogPluginManager: Mounting plugin ActorSequence
LogPluginManager: Mounting plugin LevelSequenceEditor
LogPluginManager: Mounting plugin MatineeToLevelSequence
LogPluginManager: Mounting plugin NetcodeUnitTest
LogPluginManager: Mounting plugin NUTUnrealEngine4
LogPluginManager: Mounting plugin OnlineSubsystemGooglePlay
LogPluginManager: Mounting plugin OnlineSubsystemIOS
LogPluginManager: Mounting plugin OnlineSubsystem
LogPluginManager: Mounting plugin OnlineSubsystemNull
LogPluginManager: Mounting plugin OnlineSubsystemUtils
LogPluginManager: Mounting plugin LauncherChunkInstaller
LogPluginManager: Mounting plugin AndroidDeviceProfileSelector
LogPluginManager: Mounting plugin AndroidMoviePlayer
LogPluginManager: Mounting plugin AndroidPermission
LogPluginManager: Mounting plugin AppleMoviePlayer
LogPluginManager: Mounting plugin ArchVisCharacter
LogPluginManager: Mounting plugin AudioCapture
LogPluginManager: Mounting plugin CableComponent
LogPluginManager: Mounting plugin CustomMeshComponent
LogPluginManager: Mounting plugin EditableMesh
LogPluginManager: Mounting plugin ExampleDeviceProfileSelector
LogPluginManager: Mounting plugin GoogleCloudMessaging
LogPluginManager: Mounting plugin ImmediatePhysics
LogPluginManager: Mounting plugin IOSDeviceProfileSelector
LogPluginManager: Mounting plugin LinuxDeviceProfileSelector
LogPluginManager: Mounting plugin LocationServicesBPLibrary
LogPluginManager: Mounting plugin MobilePatchingUtils
LogPluginManager: Mounting plugin OculusVR
LogPluginManager: Plugin shader directory ../../../Engine/Plugins/Runtime/Oculus/OculusVR/Shaders found
LogPluginManager: Mapping shader source directory ../../../Engine/Plugins/Runtime/Oculus/OculusVR/Shaders to virtual directory /Plugin/OculusVR
LogPluginManager: Mounting plugin PhysXVehicles
LogPluginManager: Mounting plugin ProceduralMeshComponent
LogPluginManager: Mounting plugin RuntimePhysXCooking
LogPluginManager: Mounting plugin SteamVR
LogPluginManager: Mounting plugin WindowsMoviePlayer
LogStreaming: Display: Took  0.081s to configure plugins.
LogInit: Using libcurl 7.55.1-DEV
LogInit:  - built for x86_64-pc-win32
LogInit:  - supports SSL with OpenSSL/1.0.2h
LogInit:  - supports HTTP deflate (compression) using libz 1.2.8
LogInit:  - other features:
LogInit:      CURL_VERSION_SSL
LogInit:      CURL_VERSION_LIBZ
LogInit:      CURL_VERSION_IPV6
LogInit:      CURL_VERSION_ASYNCHDNS
LogInit:      CURL_VERSION_LARGEFILE
LogInit:      CURL_VERSION_IDN
LogInit:  CurlRequestOptions (configurable via config and command line):
LogInit:  - bVerifyPeer = false  - Libcurl will NOT verify peer certificate
LogInit:  - bUseHttpProxy = false  - Libcurl will NOT use HTTP proxy
LogInit:  - bDontReuseConnections = false  - Libcurl will reuse connections
LogInit:  - CertBundlePath = nullptr  - Libcurl will use whatever was configured at build time.
LogInit:  - MaxHostConnections = 16  - Libcurl will limit the number of connections to a host
LogInit:  - LocalHostAddr = Default
LogInit:  - BufferSize = 65536
LogInit: WinSock: version 1.1 (2.2), MaxSocks=32767, MaxUdp=65467
LogInit: Build: ++UE4+Release-4.20-CL-4302132
LogInit: Engine Version: 4.20.2-4302132+++UE4+Release-4.20
LogInit: Compatible Engine Version: 4.20.0-4212847+++UE4+Release-4.20
LogInit: Net CL: 4212847
LogInit: OS: Windows 10 (), CPU: Intel(R) Core(TM) i7-7500U CPU @ 2.70GHz, GPU: Intel(R) HD Graphics 620
LogInit: Compiled (64-bit): Aug 21 2018 02:06:06
LogInit: Compiled with Visual C++: 19.13.26129.00
LogInit: Build Configuration: Development
LogInit: Branch Name: ++UE4+Release-4.20
LogInit: Command Line: -EpicPortal 
LogInit: Base Directory: C:/Program Files/Epic Games/UE_4.20/Engine/Binaries/Win64/
LogInit: Installed Engine Build: 1
LogDevObjectVersion: Number of dev versions registered: 20
LogDevObjectVersion:   Dev-Blueprints (B0D832E4-1F89-4F0D-ACCF-7EB736FD4AA2): 10
LogDevObjectVersion:   Dev-Build (E1C64328-A22C-4D53-A36C-8E866417BD8C): 0
LogDevObjectVersion:   Dev-Core (375EC13C-06E4-48FB-B500-84F0262A717E): 2
LogDevObjectVersion:   Dev-Editor (E4B068ED-F494-42E9-A231-DA0B2E46BB41): 24
LogDevObjectVersion:   Dev-Framework (CFFC743F-43B0-4480-9391-14DF171D2073): 34
LogDevObjectVersion:   Dev-Mobile (B02B49B5-BB20-44E9-A304-32B752E40360): 2
LogDevObjectVersion:   Dev-Networking (A4E4105C-59A1-49B5-A7C5-40C4547EDFEE): 0
LogDevObjectVersion:   Dev-Online (39C831C9-5AE6-47DC-9A44-9C173E1C8E7C): 0
LogDevObjectVersion:   Dev-Physics (78F01B33-EBEA-4F98-B9B4-84EACCB95AA2): 0
LogDevObjectVersion:   Dev-Platform (6631380F-2D4D-43E0-8009-CF276956A95A): 0
LogDevObjectVersion:   Dev-Rendering (12F88B9F-8875-4AFC-A67C-D90C383ABD29): 26
LogDevObjectVersion:   Dev-Sequencer (7B5AE74C-D270-4C10-A958-57980B212A5A): 9
LogDevObjectVersion:   Dev-VR (D7296918-1DD6-4BDD-9DE2-64A83CC13884): 2
LogDevObjectVersion:   Dev-LoadTimes (C2A15278-BFE7-4AFE-6C17-90FF531DF755): 1
LogDevObjectVersion:   Private-Geometry (6EACA3D4-40EC-4CC1-B786-8BED09428FC5): 3
LogDevObjectVersion:   Dev-AnimPhys (29E575DD-E0A3-4627-9D10-D276232CDCEA): 17
LogDevObjectVersion:   Dev-ReflectionCapture (6B266CEC-1EC7-4B8F-A30B-E4D90942FC07): 1
LogDevObjectVersion:   Dev-Automation (0DF73D61-A23F-47EA-B727-89E90C41499A): 1
LogDevObjectVersion:   FortniteMain (601D1886-AC64-4F84-AA16-D3DE0DEAC7D6): 12
LogDevObjectVersion:   Dev-Enterprise (9DFFBCD6-494F-0158-E221-12823C92A888): 1
LogStreaming: Display: Took  0.000s to delete old logs.
LogInit: Presizing for max 8388607 objects, including 0 objects not considered by GC, pre-allocating 0 bytes for permanent pool.
LogInit: Object subsystem initialized
[2018.09.24-09.35.16:619][  0]LogInit: Selected Device Profile: [Windows]
[2018.09.24-09.35.16:619][  0]LogInit: Applying CVar settings loaded from the selected device profile: [Windows]
[2018.09.24-09.35.16:631][  0]LogHAL: Display: Platform has ~ 16 GB [17059516416 / 17179869184 / 16], which maps to Larger [LargestMinGB=32, LargerMinGB=12, DefaultMinGB=8, SmallerMinGB=6, SmallestMinGB=0)
[2018.09.24-09.35.16:631][  0]LogInit: Setting Device Profile CVar: [[r.Vulkan.UseRealUBs:1]]
[2018.09.24-09.35.16:631][  0]LogInit: Going up to parent DeviceProfile []
[2018.09.24-09.35.16:632][  0]LogInit: Computer: DESKTOP-TGENN00
[2018.09.24-09.35.16:632][  0]LogInit: User: FrederikPalmelund
[2018.09.24-09.35.16:632][  0]LogInit: CPU Page size=4096, Cores=2
[2018.09.24-09.35.16:632][  0]LogInit: High frequency timer resolution =2.835937 MHz
[2018.09.24-09.35.16:632][  0]LogMemory: Memory total: Physical=15.9GB (16GB approx)
[2018.09.24-09.35.16:632][  0]LogMemory: Platform Memory Stats for Windows
[2018.09.24-09.35.16:632][  0]LogMemory: Process Physical Memory: 99.52 MB used, 99.52 MB peak
[2018.09.24-09.35.16:632][  0]LogMemory: Process Virtual Memory: 90.55 MB used, 90.55 MB peak
[2018.09.24-09.35.16:632][  0]LogMemory: Physical Memory: 5362.90 MB used,  10906.32 MB free, 16269.22 MB total
[2018.09.24-09.35.16:632][  0]LogMemory: Virtual Memory: 4622.79 MB used,  10906.32 MB free, 134217728.00 MB total
[2018.09.24-09.35.16:649][  0]LogInit: Using OS detected language (en-GB).
[2018.09.24-09.35.16:650][  0]LogInit: Using OS detected locale (en-DK).
[2018.09.24-09.35.16:650][  0]LogTextLocalizationManager: No specific localization for 'en-GB' exists, so the 'en' localization will be used.
[2018.09.24-09.35.17:015][  0]LogStreaming: Display: Took  0.366s to InitEngineTextLocalization.
[2018.09.24-09.35.17:015][  0]LogInit: Setting process to per monitor DPI aware
[2018.09.24-09.35.17:057][  0]LogSlate: New Slate User Created.  User Index 0, Is Virtual User: 0
[2018.09.24-09.35.17:057][  0]LogSlate: Slate User Registered.  User Index 0, Is Virtual User: 0
[2018.09.24-09.35.17:251][  0]LogHMD: Failed to initialize OpenVR with code 110
[2018.09.24-09.35.17:251][  0]LogD3D11RHI: D3D11 adapters:
[2018.09.24-09.35.17:299][  0]LogD3D11RHI:    0. 'NVIDIA GeForce 940MX' (Feature Level 11_0)
[2018.09.24-09.35.17:299][  0]LogD3D11RHI:       4055/0/8134 MB DedicatedVideo/DedicatedSystem/SharedSystem, Outputs:2, VendorId:0x10de
[2018.09.24-09.35.17:309][  0]LogD3D11RHI:    1. 'Intel(R) HD Graphics 620' (Feature Level 11_0)
[2018.09.24-09.35.17:309][  0]LogD3D11RHI:       128/0/8134 MB DedicatedVideo/DedicatedSystem/SharedSystem, Outputs:0, VendorId:0x8086
[2018.09.24-09.35.17:311][  0]LogD3D11RHI:    2. 'Microsoft Basic Render Driver' (Feature Level 11_0)
[2018.09.24-09.35.17:311][  0]LogD3D11RHI:       0/0/8134 MB DedicatedVideo/DedicatedSystem/SharedSystem, Outputs:0, VendorId:0x1414
[2018.09.24-09.35.17:311][  0]LogD3D11RHI: Chosen D3D11 Adapter: 0
[2018.09.24-09.35.17:326][  0]LogD3D11RHI: Creating new Direct3DDevice
[2018.09.24-09.35.17:326][  0]LogD3D11RHI:     GPU DeviceId: 0x134d (for the marketing name, search the web for "GPU Device Id")
[2018.09.24-09.35.17:326][  0]LogWindows: EnumDisplayDevices:
[2018.09.24-09.35.17:326][  0]LogWindows:    0. 'Intel(R) HD Graphics 620' (P:1 D:1)
[2018.09.24-09.35.17:326][  0]LogWindows:    1. 'Intel(R) HD Graphics 620' (P:0 D:1)
[2018.09.24-09.35.17:326][  0]LogWindows:    2. 'Intel(R) HD Graphics 620' (P:0 D:0)
[2018.09.24-09.35.17:326][  0]LogWindows: DebugString: PrimaryIsNotTheChoosenAdapter PrimaryIsNotTheChoosenAdapter PrimaryIsNotTheChoosenAdapter FoundDriverCount:0 
[2018.09.24-09.35.17:326][  0]LogD3D11RHI:     Adapter Name: NVIDIA GeForce 940MX
[2018.09.24-09.35.17:326][  0]LogD3D11RHI:   Driver Version: Unknown (internal:Unknown, unified:Unknown)
[2018.09.24-09.35.17:326][  0]LogD3D11RHI:      Driver Date: Unknown
[2018.09.24-09.35.17:326][  0]LogRHI: Texture pool is 2839 MB (70% of 4055 MB)
[2018.09.24-09.35.17:358][  0]LogD3D11RHI: Async texture creation enabled
[2018.09.24-09.35.17:375][  0]LogD3D11RHI: GPU Timing Frequency: 1000.000000 (Debug: 2 2)
[2018.09.24-09.35.17:375][  0]LogShaderCompilers: Guid format shader working directory is -3 characters bigger than the processId version (../../../../../../Development/p9examples/CaptFunctionalUnreal/Intermediate/Shaders/WorkingDirectory/10232/).
[2018.09.24-09.35.17:375][  0]LogShaderCompilers: Cleaned the shader compiler working directory 'C:/Users/Frederik Palmelund/AppData/Local/Temp/UnrealShaderWorkingDir/7D736A344EDD836A92C9988C6235053B/'.
[2018.09.24-09.35.17:643][  0]LogTemp: Display: Loaded TP AllDesktopTargetPlatform
[2018.09.24-09.35.17:655][  0]LogTemp: Display: Loaded TP MacClientTargetPlatform
[2018.09.24-09.35.17:667][  0]LogTemp: Display: Loaded TP MacNoEditorTargetPlatform
[2018.09.24-09.35.17:679][  0]LogTemp: Display: Loaded TP MacServerTargetPlatform
[2018.09.24-09.35.17:692][  0]LogTemp: Display: Loaded TP MacTargetPlatform
[2018.09.24-09.35.17:705][  0]LogTemp: Display: Loaded TP WindowsClientTargetPlatform
[2018.09.24-09.35.17:717][  0]LogTemp: Display: Loaded TP WindowsNoEditorTargetPlatform
[2018.09.24-09.35.17:729][  0]LogTemp: Display: Loaded TP WindowsServerTargetPlatform
[2018.09.24-09.35.17:736][  0]LogTemp: Display: Loaded TP WindowsTargetPlatform
[2018.09.24-09.35.17:820][  0]LogTemp: Display: Loaded TP AndroidTargetPlatform
[2018.09.24-09.35.17:820][  0]LogTemp: Display: Loaded TP AndroidTargetPlatform
[2018.09.24-09.35.17:820][  0]LogTemp: Display: Loaded TP AndroidTargetPlatform
[2018.09.24-09.35.17:820][  0]LogTemp: Display: Loaded TP AndroidTargetPlatform
[2018.09.24-09.35.17:820][  0]LogTemp: Display: Loaded TP AndroidTargetPlatform
[2018.09.24-09.35.17:820][  0]LogTemp: Display: Loaded TP AndroidTargetPlatform
[2018.09.24-09.35.17:820][  0]LogTemp: Display: Loaded TP AndroidTargetPlatform
[2018.09.24-09.35.17:820][  0]LogTemp: Display: Loaded TP AndroidTargetPlatform
[2018.09.24-09.35.17:820][  0]LogTemp: Display: Loaded TP AndroidTargetPlatform
[2018.09.24-09.35.17:820][  0]LogTemp: Display: Loaded TP AndroidTargetPlatform
[2018.09.24-09.35.17:820][  0]LogTemp: Display: Loaded TP AndroidTargetPlatform
[2018.09.24-09.35.17:820][  0]LogTemp: Display: Loaded TP AndroidTargetPlatform
[2018.09.24-09.35.17:820][  0]LogTemp: Display: Loaded TP AndroidTargetPlatform
[2018.09.24-09.35.17:820][  0]LogTemp: Display: Loaded TP AndroidTargetPlatform
[2018.09.24-09.35.17:820][  0]LogTemp: Display: Loaded TP AndroidTargetPlatform
[2018.09.24-09.35.17:820][  0]LogTemp: Display: Loaded TP AndroidTargetPlatform
[2018.09.24-09.35.17:820][  0]LogTemp: Display: Loaded TP AndroidTargetPlatform
[2018.09.24-09.35.17:820][  0]LogTemp: Display: Loaded TP AndroidTargetPlatform
[2018.09.24-09.35.17:821][  0]LogTemp: Display: Loaded TP HTML5TargetPlatform
[2018.09.24-09.35.17:878][  0]LogTemp: Display: Loaded TP IOSTargetPlatform
[2018.09.24-09.35.17:878][  0]LogTemp: Display: Loaded TP IOSTargetPlatform
[2018.09.24-09.35.17:904][  0]LogTemp: Display: Loaded TP TVOSTargetPlatform
[2018.09.24-09.35.17:904][  0]LogTemp: Display: Loaded TP TVOSTargetPlatform
[2018.09.24-09.35.17:921][  0]LogTemp: Display: Loaded TP LinuxClientTargetPlatform
[2018.09.24-09.35.17:936][  0]LogTemp: Display: Loaded TP LinuxNoEditorTargetPlatform
[2018.09.24-09.35.17:951][  0]LogTemp: Display: Loaded TP LinuxServerTargetPlatform
[2018.09.24-09.35.17:967][  0]LogTemp: Display: Loaded TP LinuxTargetPlatform
[2018.09.24-09.35.17:980][  0]LogTemp: Display: Loaded TP LuminTargetPlatform
[2018.09.24-09.35.17:980][  0]LogTargetPlatformManager: Display: Building Assets For Windows
[2018.09.24-09.35.18:041][  0]LogXGEController: Cannot use XGE Controller as Incredibuild is not installed on this machine.
[2018.09.24-09.35.18:041][  0]LogShaderCompilers: Cannot use XGE Shader Compiler as Incredibuild is not installed on this machine.
[2018.09.24-09.35.18:041][  0]LogShaderCompilers: Display: Using Local Shader Compiler.
[2018.09.24-09.35.18:713][  0]LogDerivedDataCache: Display: Max Cache Size: 512 MB
[2018.09.24-09.35.18:762][  0]LogDerivedDataCache: Loaded boot cache 0.05s 71MB C:/Users/Frederik Palmelund/AppData/Local/UnrealEngine/4.20/DerivedDataCache/Boot.ddc.
[2018.09.24-09.35.18:763][  0]LogDerivedDataCache: Display: Loaded Boot cache: C:/Users/Frederik Palmelund/AppData/Local/UnrealEngine/4.20/DerivedDataCache/Boot.ddc
[2018.09.24-09.35.18:763][  0]LogDerivedDataCache: FDerivedDataBackendGraph:  Pak pak cache file ../../../../../../Development/p9examples/CaptFunctionalUnreal/DerivedDataCache/DDC.ddp not found, will not use a pak cache.
[2018.09.24-09.35.18:763][  0]LogDerivedDataCache: Unable to find inner node Pak for hierarchical cache Hierarchy.
[2018.09.24-09.35.18:763][  0]LogDerivedDataCache: FDerivedDataBackendGraph:  CompressedPak pak cache file ../../../../../../Development/p9examples/CaptFunctionalUnreal/DerivedDataCache/Compressed.ddp not found, will not use a pak cache.
[2018.09.24-09.35.18:763][  0]LogDerivedDataCache: Unable to find inner node CompressedPak for hierarchical cache Hierarchy.
[2018.09.24-09.35.18:775][  0]LogDerivedDataCache: Display: Pak cache opened for reading ../../../Engine/DerivedDataCache/Compressed.ddp.
[2018.09.24-09.35.18:788][  0]LogDerivedDataCache: Using Local data cache path C:/Users/Frederik Palmelund/AppData/Local/UnrealEngine/Common/DerivedDataCache: Writable
[2018.09.24-09.35.18:788][  0]LogDerivedDataCache: Shared data cache path not found in *engine.ini, will not use an Shared cache.
[2018.09.24-09.35.18:788][  0]LogDerivedDataCache: Unable to find inner node Shared for hierarchical cache Hierarchy.
[2018.09.24-09.35.18:806][  0]LogMaterial: Verifying Global Shaders for PCD3D_SM5
[2018.09.24-09.35.18:808][  0]LogSlate: Using FreeType 2.6.0
[2018.09.24-09.35.18:808][  0]LogSlate: SlateFontServices - WITH_FREETYPE: 1, WITH_HARFBUZZ: 1
[2018.09.24-09.35.18:877][  0]LogAssetRegistry: FAssetRegistry took 0.0256 seconds to start up
[2018.09.24-09.35.19:215][  0]LogInit: Selected Device Profile: [Windows]
[2018.09.24-09.35.19:347][  0]LogSimplygon: Simplygon DLL not present - disabling.
[2018.09.24-09.35.19:351][  0]LogMeshReduction: Using SimplygonSwarm for distributed automatic mesh merging
[2018.09.24-09.35.19:351][  0]LogMeshReduction: Using ProxyLODMeshReduction for automatic mesh merging
[2018.09.24-09.35.19:351][  0]LogMeshReduction: Using QuadricMeshReduction for automatic static mesh reduction
[2018.09.24-09.35.19:351][  0]LogMeshReduction: No automatic skeletal mesh reduction module available
[2018.09.24-09.35.19:371][  0]LogNetVersion: CaptFunctionalUnreal 1.0.0, NetCL: 4212847, EngineNetVer: 5, GameNetVer: 0 (Checksum: 1158027450)
[2018.09.24-09.35.19:901][  0]LogPackageLocalizationCache: Processed 11 localized package path(s) for 2 prioritized culture(s) in 0.113571 seconds
[2018.09.24-09.35.19:908][  0]LogUObjectArray: 38425 objects as part of root set at end of initial load.
[2018.09.24-09.35.19:908][  0]LogUObjectAllocator: 6690872 out of 0 bytes used by permanent object pool.
[2018.09.24-09.35.19:908][  0]LogUObjectArray: CloseDisregardForGC: 0/0 objects in disregard for GC pool
[2018.09.24-09.35.20:528][  0]LogWmfMedia: Failed to load mf.dll
[2018.09.24-09.35.20:528][  0]LogWmfMedia: Failed to load required Windows Media Foundation libraries
[2018.09.24-09.35.20:529][  0]LogWindowsMoviePlayer: Could not load mf.dll. Library not found.
[2018.09.24-09.35.20:530][  0]LogWindowsMoviePlayer: Could not load mfplat.dll. Library not found.
[2018.09.24-09.35.20:530][  0]LogWindowsMoviePlayer: Could not load mfplay.dll. Library not found.
[2018.09.24-09.35.20:750][  0]LogTcpMessaging: Initializing TcpMessaging bridge
[2018.09.24-09.35.20:777][  0]LogUdpMessaging: Initializing bridge on interface 0.0.0.0:0 to multicast group 230.0.0.1:6666.
[2018.09.24-09.35.21:045][  0]SourceControl: Source control is disabled
[2018.09.24-09.35.21:045][  0]SourceControl: Source control is disabled
[2018.09.24-09.35.21:046][  0]SourceControl: Source control is disabled
[2018.09.24-09.35.21:047][  0]SourceControl: Source control is disabled
[2018.09.24-09.35.21:223][  0]LogAndroidPermission: UAndroidPermissionCallbackProxy::GetInstance
[2018.09.24-09.35.21:312][  0]LogOcInput: OculusInput pre-init called
[2018.09.24-09.35.21:374][  0]LogEngine: Initializing Engine...
[2018.09.24-09.35.21:375][  0]LogHMD: Failed to initialize OpenVR with code 110
[2018.09.24-09.35.21:376][  0]LogStats: UGameplayTagsManager::ConstructGameplayTagTree: ImportINI prefixes -  0.000 s
[2018.09.24-09.35.21:376][  0]LogStats: UGameplayTagsManager::ConstructGameplayTagTree: Construct from data asset -  0.000 s
[2018.09.24-09.35.21:376][  0]LogStats: UGameplayTagsManager::ConstructGameplayTagTree: ImportINI -  0.000 s
[2018.09.24-09.35.21:376][  0]LogStats: UGameplayTagsManager::ConstructGameplayTagTree: GameplayTagTreeChangedEvent.Broadcast -  0.000 s
[2018.09.24-09.35.21:585][  0]LogInit: Initializing FReadOnlyCVARCache
[2018.09.24-09.35.21:600][  0]LogAIModule: Creating AISystem for world Untitled
[2018.09.24-09.35.21:615][  0]LogInit: XAudio2 using 'Speaker/Headphone (Realtek High Definition Audio)' : 2 channels at 48 kHz using 32 bits per sample (channel mask 0x3)
[2018.09.24-09.35.21:728][  0]LogInit: FAudioDevice initialized.
[2018.09.24-09.35.21:728][  0]LogNetVersion: Set ProjectVersion to 1.0.0.0. Version Checksum will be recalculated on next use.
[2018.09.24-09.35.21:876][  0]LogDerivedDataCache: Saved boot cache 0.15s 71MB C:/Users/Frederik Palmelund/AppData/Local/UnrealEngine/4.20/DerivedDataCache/Boot.ddc.
[2018.09.24-09.35.21:879][  0]LogInit: Texture streaming: Enabled
[2018.09.24-09.35.21:895][  0]LogEngineSessionManager: EngineSessionManager initialized
[2018.09.24-09.35.21:907][  0]LogInit: Transaction tracking system initialized
[2018.09.24-09.35.21:929][  0]BlueprintLog: New page: Editor Load
[2018.09.24-09.35.22:153][  0]LocalizationService: Localization service is disabled
[2018.09.24-09.35.22:439][  0]LogFileCache: Scanning file cache for directory 'C:/Development/p9examples/CaptFunctionalUnreal/Content/' took 0.01s
[2018.09.24-09.35.22:439][  0]LogCook: Display: Max memory allowance for cook 16384mb min free memory 0mb
[2018.09.24-09.35.22:439][  0]LogCook: Display: Mobile HDR setting 1
[2018.09.24-09.35.22:439][  0]LogGameplayTags: Display: UGameplayTagsManager::DoneAddingNativeTags. DelegateIsBound: 0
[2018.09.24-09.35.22:439][  0]LogStats: UGameplayTagsManager::ConstructGameplayTagTree: ImportINI prefixes -  0.000 s
[2018.09.24-09.35.22:439][  0]LogStats: UGameplayTagsManager::ConstructGameplayTagTree: Construct from data asset -  0.000 s
[2018.09.24-09.35.22:439][  0]LogStats: UGameplayTagsManager::ConstructGameplayTagTree: ImportINI -  0.000 s
[2018.09.24-09.35.22:439][  0]LogStats: UGameplayTagsManager::ConstructGameplayTagTree: GameplayTagTreeChangedEvent.Broadcast -  0.000 s
[2018.09.24-09.35.22:595][  0]SourceControl: Source control is disabled
[2018.09.24-09.35.22:595][  0]Cmd: MAP LOAD FILE="../../../Engine/Content/Maps/Templates/Template_Default.umap" TEMPLATE=1 SHOWPROGRESS=1 FEATURELEVEL=3
[2018.09.24-09.35.22:595][  0]LightingResults: New page: Lighting Build
[2018.09.24-09.35.22:598][  0]MapCheck: New page: Map Check
[2018.09.24-09.35.22:598][  0]LightingResults: New page: Lighting Build
[2018.09.24-09.35.22:817][  0]LogAIModule: Creating AISystem for world Untitled_1
[2018.09.24-09.35.22:823][  0]LogEditorServer: Finished looking for orphan Actors (0.000 secs)
[2018.09.24-09.35.22:847][  0]Cmd: MAP CHECKDEP NOCLEARLOG
[2018.09.24-09.35.22:909][  0]MapCheck: Map check complete: 0 Error(s), 0 Warning(s), took 61.811ms to complete.
[2018.09.24-09.35.22:909][  0]LogFileHelpers: Loading map 'Template_Default' took 0.314
[2018.09.24-09.35.23:022][  0]LogSlate: Updating window title bar state: overlay mode, drag disabled, window buttons hidden, title bar hidden
[2018.09.24-09.35.23:029][  0]LogSlate: Updating window title bar state: overlay mode, drag disabled, window buttons hidden, title bar hidden
[2018.09.24-09.35.23:037][  0]LogSlate: Updating window title bar state: overlay mode, drag disabled, window buttons hidden, title bar hidden
[2018.09.24-09.35.23:044][  0]LogSlate: Updating window title bar state: overlay mode, drag disabled, window buttons hidden, title bar hidden
[2018.09.24-09.35.23:051][  0]LogCollectionManager: Loaded 0 collections in 0.001390 seconds
[2018.09.24-09.35.23:095][  0]LogFileCache: Scanning file cache for directory 'C:/Development/p9examples/CaptFunctionalUnreal/Saved/Collections/' took 0.01s
[2018.09.24-09.35.23:095][  0]LogFileCache: Scanning file cache for directory 'C:/Development/p9examples/CaptFunctionalUnreal/Content/Developers/FrederikPalmelund/Collections/' took 0.01s
[2018.09.24-09.35.23:095][  0]LogFileCache: Scanning file cache for directory 'C:/Development/p9examples/CaptFunctionalUnreal/Content/Collections/' took 0.01s
[2018.09.24-09.35.23:095][  0]LogCollectionManager: Rebuilt the GUID cache for 0 collections in 0.000000 seconds
[2018.09.24-09.35.23:105][  0]LogContentBrowser: Native class hierarchy populated in 0.0098 seconds. Added 2572 classes and 603 folders.
[2018.09.24-09.35.23:112][  0]LogContentBrowser: Native class hierarchy updated for 'WidgetCarousel' in 0.0002 seconds. Added 0 classes and 0 folders.
[2018.09.24-09.35.23:161][  0]LogContentBrowser: Native class hierarchy updated for 'AddContentDialog' in 0.0002 seconds. Added 0 classes and 0 folders.
[2018.09.24-09.35.23:166][  0]LogContentBrowser: Native class hierarchy updated for 'SceneOutliner' in 0.0003 seconds. Added 1 classes and 2 folders.
[2018.09.24-09.35.23:237][  0]LogSlate: Took 0.000307 seconds to synchronously load lazily loaded font '../../../Engine/Content/Slate/Fonts/Roboto-Regular.ttf' (155K)
[2018.09.24-09.35.23:240][  0]LogSlate: Took 0.000292 seconds to synchronously load lazily loaded font '../../../Engine/Content/Slate/Fonts/Roboto-Bold.ttf' (160K)
[2018.09.24-09.35.23:248][  0]LogSlate: Took 0.000199 seconds to synchronously load lazily loaded font '../../../Engine/Content/Editor/Slate/Fonts/FontAwesome.ttf' (139K)
[2018.09.24-09.35.23:342][  0]LogRenderer: Reallocating scene render targets to support 1208x576 Format 10 NumSamples 1 (Frame:1).
[2018.09.24-09.35.23:499][  0]LogContentBrowser: Native class hierarchy updated for 'HierarchicalLODOutliner' in 0.0003 seconds. Added 0 classes and 0 folders.
[2018.09.24-09.35.23:500][  0]LogLoad: (Engine Initialization) Total time: 8.37 seconds
[2018.09.24-09.35.23:500][  0]LogLoad: (Engine Initialization) Total Blueprint compile time: 0.00 seconds
[2018.09.24-09.35.23:511][  0]LogWindowsTextInputMethodSystem: Display: IME system now deactivated.
[2018.09.24-09.35.23:536][  0]LogContentStreaming: Texture pool size now 1000 MB
[2018.09.24-09.35.26:258][128]LogAssetRegistry: Asset discovery search completed in 7.4036 seconds
[2018.09.24-09.35.26:261][128]LogCollectionManager: Rebuilt the object cache for 0 collections in 0.000000 seconds (found 0 objects)
[2018.09.24-09.35.26:261][128]LogCollectionManager: Fixed up redirectors for 0 collections in 0.000062 seconds (updated 0 objects)
[2018.09.24-09.35.27:770][199]LogSlate: FSceneViewport::OnFocusLost() reason 2
[2018.09.24-09.35.29:036][342]LogSlate: Took 0.000200 seconds to synchronously load lazily loaded font '../../../Engine/Content/Slate/Fonts/Roboto-Light.ttf' (167K)
[2018.09.24-09.35.29:037][342]LogSlate: FSceneViewport::OnFocusLost() reason 2
[2018.09.24-09.35.29:095][342]LogSlate: FSceneViewport::OnFocusLost() reason 2
[2018.09.24-09.35.29:101][342]LogSlate: Took 0.000244 seconds to synchronously load lazily loaded font '../../../Engine/Content/Slate/Fonts/Roboto-BoldCondensed.ttf' (158K)
[2018.09.24-09.35.36:151][683]Running C:/Program Files/Epic Games/UE_4.20/Engine/Binaries/DotNET/UnrealBuildTool.exe  -projectfiles -project="C:/Development/p9examples/CaptFunctionalUnreal/CaptFunctionalUnreal.uproject" -game -rocket -progress
[2018.09.24-09.35.36:457][683]Discovering modules, targets and source code for project...
[2018.09.24-09.35.38:366][683]C:\Program Files\Epic Games\UE_4.20\Engine\Source\ThirdParty\Expat\Expat.Build.cs: warning: Referenced directory 'C:\Program Files\Epic Games\UE_4.20\Engine\Source\ThirdParty\Expat\expat-2.2.0\Win64\VS2015\Release' does not exist.
[2018.09.24-09.35.40:393][683]LogHotReload: Recompiling module CaptFunctionalUnreal...
[2018.09.24-09.35.40:394][683]LogVSAccessor: Warning: Couldn't access Visual Studio
[2018.09.24-09.35.40:417][683]Candidate modules for hot reload:
[2018.09.24-09.35.40:417][683]  CaptFunctionalUnreal
[2018.09.24-09.35.40:417][683]Launching UnrealBuildTool... [C:/Program Files/Epic Games/UE_4.20/Engine/Binaries/DotNET/UnrealBuildTool.exe  -ModuleWithSuffix=CaptFunctionalUnreal,2029 Win64 Development -TargetType=Editor -Project="../../../../../../Development/p9examples/CaptFunctionalUnreal/CaptFunctionalUnreal.uproject" -canskiplink -nosharedpch "C:/Development/p9examples/CaptFunctionalUnreal/CaptFunctionalUnreal.uproject" ]
[2018.09.24-09.35.59:684][683]Using 'git status' to determine working set for adaptive non-unity build.
Creating makefile for hot reloading CaptFunctionalUnrealEditor (no existing makefile)
Compiling game modules for hot reload
Performing full C++ include scan (no include cache file)
Using Visual Studio 2017 14.15.26726 toolchain (C:\Program Files (x86)\Microsoft Visual Studio\2017\Enterprise\VC\Tools\MSVC\14.15.26726) and Windows 10.0.17134.0 SDK (C:\Program Files (x86)\Windows Kits\10).
Parsing headers for CaptFunctionalUnrealEditor
  Running UnrealHeaderTool "C:\Development\p9examples\CaptFunctionalUnreal\CaptFunctionalUnreal.uproject" "C:\Development\p9examples\CaptFunctionalUnreal\Intermediate\Build\Win64\CaptFunctionalUnrealEditor\Development\CaptFunctionalUnrealEditor.uhtmanifest" -LogCmds="loginit warning, logexit warning, logdatabase error" -Unattended -WarningsAsErrors -installed
Reflection code generated for CaptFunctionalUnrealEditor in 9,2629896 seconds
Building 7 actions with 4 processes...
  [1/7] CaptFunctionalUnreal.cpp
  [2/7] PCLaunch.rc
  [3/7] CaptFunctionalUnreal.init.gen.cpp
  [4/7] CaptainFunctionalPawn.cpp
  [5/7] CaptainFunctionalPawn.gen.cpp
  [6/7] UE4Editor-CaptFunctionalUnreal-2029.lib
     Creating library C:\Development\p9examples\CaptFunctionalUnreal\Intermediate\Build\Win64\UE4Editor\Development\CaptFunctionalUnreal\UE4Editor-CaptFunctionalUnreal-2029.lib and object C:\Development\p9examples\CaptFunctionalUnreal\Intermediate\Build\Win64\UE4Editor\Development\CaptFunctionalUnreal\UE4Editor-CaptFunctionalUnreal-2029.exp
  [7/7] UE4Editor-CaptFunctionalUnreal-2029.dll
     Creating library C:\Development\p9examples\CaptFunctionalUnreal\Intermediate\Build\Win64\UE4Editor\Development\CaptFunctionalUnreal\UE4Editor-CaptFunctionalUnreal-2029.suppressed.lib and object C:\Development\p9examples\CaptFunctionalUnreal\Intermediate\Build\Win64\UE4Editor\Development\CaptFunctionalUnreal\UE4Editor-CaptFunctionalUnreal-2029.suppressed.exp
Total build time: 19,03 seconds (Parallel executor: 4,97 seconds)

[2018.09.24-09.35.59:684][683]CompilerResultsLog: New page: Compilation - Sep 24, 2018, 1:35:59 PM
[2018.09.24-09.35.59:684][683]CompilerResultsLog: Using 'git status' to determine working set for adaptive non-unity build.
[2018.09.24-09.35.59:684][683]CompilerResultsLog: Creating makefile for hot reloading CaptFunctionalUnrealEditor (no existing makefile)
[2018.09.24-09.35.59:684][683]CompilerResultsLog: Compiling game modules for hot reload
[2018.09.24-09.35.59:684][683]CompilerResultsLog: Performing full C++ include scan (no include cache file)
[2018.09.24-09.35.59:684][683]CompilerResultsLog: Using Visual Studio 2017 14.15.26726 toolchain (C:\Program Files (x86)\Microsoft Visual Studio\2017\Enterprise\VC\Tools\MSVC\14.15.26726) and Windows 10.0.17134.0 SDK (C:\Program Files (x86)\Windows Kits\10).
[2018.09.24-09.35.59:684][683]CompilerResultsLog: Parsing headers for CaptFunctionalUnrealEditor
[2018.09.24-09.35.59:684][683]CompilerResultsLog:   Running UnrealHeaderTool "C:\Development\p9examples\CaptFunctionalUnreal\CaptFunctionalUnreal.uproject" "C:\Development\p9examples\CaptFunctionalUnreal\Intermediate\Build\Win64\CaptFunctionalUnrealEditor\Development\CaptFunctionalUnrealEditor.uhtmanifest" -LogCmds="loginit warning, logexit warning, logdatabase error" -Unattended -WarningsAsErrors -installed
[2018.09.24-09.35.59:685][683]CompilerResultsLog: Reflection code generated for CaptFunctionalUnrealEditor in 9,2629896 seconds
[2018.09.24-09.35.59:685][683]CompilerResultsLog: Building 7 actions with 4 processes...
[2018.09.24-09.35.59:685][683]CompilerResultsLog:   [1/7] CaptFunctionalUnreal.cpp
[2018.09.24-09.35.59:685][683]CompilerResultsLog:   [2/7] PCLaunch.rc
[2018.09.24-09.35.59:685][683]CompilerResultsLog:   [3/7] CaptFunctionalUnreal.init.gen.cpp
[2018.09.24-09.35.59:685][683]CompilerResultsLog:   [4/7] CaptainFunctionalPawn.cpp
[2018.09.24-09.35.59:685][683]CompilerResultsLog:   [5/7] CaptainFunctionalPawn.gen.cpp
[2018.09.24-09.35.59:685][683]CompilerResultsLog:   [6/7] UE4Editor-CaptFunctionalUnreal-2029.lib
[2018.09.24-09.35.59:685][683]CompilerResultsLog:      Creating library C:\Development\p9examples\CaptFunctionalUnreal\Intermediate\Build\Win64\UE4Editor\Development\CaptFunctionalUnreal\UE4Editor-CaptFunctionalUnreal-2029.lib and object C:\Development\p9examples\CaptFunctionalUnreal\Intermediate\Build\Win64\UE4Editor\Development\CaptFunctionalUnreal\UE4Editor-CaptFunctionalUnreal-2029.exp
[2018.09.24-09.35.59:685][683]CompilerResultsLog:   [7/7] UE4Editor-CaptFunctionalUnreal-2029.dll
[2018.09.24-09.35.59:685][683]CompilerResultsLog:      Creating library C:\Development\p9examples\CaptFunctionalUnreal\Intermediate\Build\Win64\UE4Editor\Development\CaptFunctionalUnreal\UE4Editor-CaptFunctionalUnreal-2029.suppressed.lib and object C:\Development\p9examples\CaptFunctionalUnreal\Intermediate\Build\Win64\UE4Editor\Development\CaptFunctionalUnreal\UE4Editor-CaptFunctionalUnreal-2029.suppressed.exp
[2018.09.24-09.35.59:685][683]CompilerResultsLog: Total build time: 19,03 seconds (Parallel executor: 4,97 seconds)
[2018.09.24-09.35.59:685][683]LogMainFrame: MainFrame: Module compiling took 19.291 seconds
[2018.09.24-09.35.59:685][683]Reloading module CaptFunctionalUnreal after successful compile.
[2018.09.24-09.35.59:714][683]LogClass: Could not find existing package /Script/CaptFunctionalUnreal for HotReload of class CaptainFunctionalPawn, assuming a new package.
[2018.09.24-09.35.59:717][683]LogContentBrowser: Native class hierarchy updated for 'CaptFunctionalUnreal' in 0.0006 seconds. Added 1 classes and 2 folders.
[2018.09.24-09.35.59:749][683]LogContentBrowser: Native class hierarchy populated in 0.0089 seconds. Added 2574 classes and 607 folders.
[2018.09.24-09.35.59:796][683]LogSlate: Window 'Add C++ Class' being destroyed
[2018.09.24-09.35.59:797][683]LogSlate: FSceneViewport::OnFocusLost() reason 3
[2018.09.24-09.43.51:260][205]LogSlate: FSceneViewport::OnFocusLost() reason 0
[2018.09.24-09.43.51:315][206]Candidate modules for hot reload:
[2018.09.24-09.43.51:315][206]  CaptFunctionalUnreal
[2018.09.24-09.43.51:316][206]Launching UnrealBuildTool... [C:/Program Files/Epic Games/UE_4.20/Engine/Binaries/DotNET/UnrealBuildTool.exe  -ModuleWithSuffix=CaptFunctionalUnreal,4142 Win64 Development -TargetType=Editor -Project="../../../../../../Development/p9examples/CaptFunctionalUnreal/CaptFunctionalUnreal.uproject" -canskiplink -nosharedpch "C:/Development/p9examples/CaptFunctionalUnreal/CaptFunctionalUnreal.uproject" ]
[2018.09.24-09.43.51:327][206]Warning: Starting HotReload took  0.0s.
[2018.09.24-09.43.59:203][574]CompilerResultsLog: New page: Compilation - Sep 24, 2018, 1:43:59 PM
[2018.09.24-09.43.59:204][574]CompilerResultsLog: Using 'git status' to determine working set for adaptive non-unity build.
[2018.09.24-09.43.59:204][574]CompilerResultsLog: Compiling game modules for hot reload
[2018.09.24-09.43.59:204][574]CompilerResultsLog: Parsing headers for CaptFunctionalUnrealEditor
[2018.09.24-09.43.59:204][574]CompilerResultsLog:   Running UnrealHeaderTool "C:\Development\p9examples\CaptFunctionalUnreal\CaptFunctionalUnreal.uproject" "C:\Development\p9examples\CaptFunctionalUnreal\Intermediate\Build\Win64\CaptFunctionalUnrealEditor\Development\CaptFunctionalUnrealEditor.uhtmanifest" -LogCmds="loginit warning, logexit warning, logdatabase error" -Unattended -WarningsAsErrors -installed
[2018.09.24-09.43.59:204][574]LogMainFrame: MainFrame: Module compiling took 7.911 seconds
[2018.09.24-09.43.59:204][574]Warning: HotReload failed, recompile failed
[2018.09.24-09.44.04:755][866]LogEditor: Attempting to add actor of class 'CaptainFunctionalPawn' to level at -390.00,-510.00,500.00
[2018.09.24-09.44.10:554][226]LogSlate: FSceneViewport::OnFocusLost() reason 0
[2018.09.24-09.44.10:710][239]LogEditor: Attempting to add actor of class 'CaptainFunctionalPawn' to level at -390.00,-510.00,470.00
[2018.09.24-09.44.11:676][286]LogEditor: Attempting to add actor of class 'CaptainFunctionalPawn' to level at 50.00,160.00,20.00
[2018.09.24-09.44.16:674][533]LogSlate: FSceneViewport::OnFocusLost() reason 0
[2018.09.24-09.44.30:190][197]Candidate modules for hot reload:
[2018.09.24-09.44.30:190][197]  CaptFunctionalUnreal
[2018.09.24-09.44.30:190][197]Launching UnrealBuildTool... [C:/Program Files/Epic Games/UE_4.20/Engine/Binaries/DotNET/UnrealBuildTool.exe  -ModuleWithSuffix=CaptFunctionalUnreal,2542 Win64 Development -TargetType=Editor -Project="../../../../../../Development/p9examples/CaptFunctionalUnreal/CaptFunctionalUnreal.uproject" -canskiplink -nosharedpch "C:/Development/p9examples/CaptFunctionalUnreal/CaptFunctionalUnreal.uproject" ]
[2018.09.24-09.44.30:201][197]Warning: Starting HotReload took  0.0s.
[2018.09.24-09.44.51:628][261]CompilerResultsLog: New page: Compilation - Sep 24, 2018, 1:44:51 PM
[2018.09.24-09.44.51:629][261]CompilerResultsLog: Using 'git status' to determine working set for adaptive non-unity build.
[2018.09.24-09.44.51:629][261]CompilerResultsLog: Compiling game modules for hot reload
[2018.09.24-09.44.51:629][261]CompilerResultsLog: Performing full C++ include scan (no include cache file)
[2018.09.24-09.44.51:629][261]CompilerResultsLog: Parsing headers for CaptFunctionalUnrealEditor
[2018.09.24-09.44.51:629][261]CompilerResultsLog:   Running UnrealHeaderTool "C:\Development\p9examples\CaptFunctionalUnreal\CaptFunctionalUnreal.uproject" "C:\Development\p9examples\CaptFunctionalUnreal\Intermediate\Build\Win64\CaptFunctionalUnrealEditor\Development\CaptFunctionalUnrealEditor.uhtmanifest" -LogCmds="loginit warning, logexit warning, logdatabase error" -Unattended -WarningsAsErrors -installed
[2018.09.24-09.44.51:629][261]CompilerResultsLog: Reflection code generated for CaptFunctionalUnrealEditor in 12,3670437 seconds
[2018.09.24-09.44.51:629][261]CompilerResultsLog: Building 5 actions with 4 processes...
[2018.09.24-09.44.51:629][261]CompilerResultsLog:   [1/5] CaptainFunctionalPawn.cpp
[2018.09.24-09.44.51:629][261]CompilerResultsLog:    C:\Development\p9examples\CaptFunctionalUnreal\Source\CaptFunctionalUnreal\CaptainFunctionalPawn.cpp(37) : error C2027: use of undefined type 'UInputComponent'
[2018.09.24-09.44.51:629][261]CompilerResultsLog:   C:\Program Files\Epic Games\UE_4.20\Engine\Source\Runtime\Engine\Classes\GameFramework/Pawn.h(22): note: see declaration of 'UInputComponent'
[2018.09.24-09.44.51:629][261]CompilerResultsLog:    C:\Development\p9examples\CaptFunctionalUnreal\Source\CaptFunctionalUnreal\CaptainFunctionalPawn.cpp(37) : error C2276: '&': illegal operation on bound member function expression
[2018.09.24-09.44.51:629][261]CompilerResultsLog:    C:\Development\p9examples\CaptFunctionalUnreal\Source\CaptFunctionalUnreal\CaptainFunctionalPawn.cpp(38) : error C2027: use of undefined type 'UInputComponent'
[2018.09.24-09.44.51:629][261]CompilerResultsLog:   C:\Program Files\Epic Games\UE_4.20\Engine\Source\Runtime\Engine\Classes\GameFramework/Pawn.h(22): note: see declaration of 'UInputComponent'
[2018.09.24-09.44.51:629][261]CompilerResultsLog:    C:\Development\p9examples\CaptFunctionalUnreal\Source\CaptFunctionalUnreal\CaptainFunctionalPawn.cpp(38) : error C2276: '&': illegal operation on bound member function expression
[2018.09.24-09.44.51:629][261]CompilerResultsLog:    C:\Development\p9examples\CaptFunctionalUnreal\Source\CaptFunctionalUnreal\CaptainFunctionalPawn.cpp(39) : error C2027: use of undefined type 'UInputComponent'
[2018.09.24-09.44.51:630][261]CompilerResultsLog:   C:\Program Files\Epic Games\UE_4.20\Engine\Source\Runtime\Engine\Classes\GameFramework/Pawn.h(22): note: see declaration of 'UInputComponent'
[2018.09.24-09.44.51:630][261]CompilerResultsLog:    C:\Development\p9examples\CaptFunctionalUnreal\Source\CaptFunctionalUnreal\CaptainFunctionalPawn.cpp(39) : error C2276: '&': illegal operation on bound member function expression
[2018.09.24-09.44.51:630][261]CompilerResultsLog:    C:\Development\p9examples\CaptFunctionalUnreal\Source\CaptFunctionalUnreal\CaptainFunctionalPawn.cpp(40) : error C2027: use of undefined type 'UInputComponent'
[2018.09.24-09.44.51:630][261]CompilerResultsLog:   C:\Program Files\Epic Games\UE_4.20\Engine\Source\Runtime\Engine\Classes\GameFramework/Pawn.h(22): note: see declaration of 'UInputComponent'
[2018.09.24-09.44.51:630][261]CompilerResultsLog:    C:\Development\p9examples\CaptFunctionalUnreal\Source\CaptFunctionalUnreal\CaptainFunctionalPawn.cpp(40) : error C2276: '&': illegal operation on bound member function expression
[2018.09.24-09.44.51:630][261]CompilerResultsLog:    C:\Development\p9examples\CaptFunctionalUnreal\Source\CaptFunctionalUnreal\CaptainFunctionalPawn.cpp(41) : error C2027: use of undefined type 'UInputComponent'
[2018.09.24-09.44.51:630][261]CompilerResultsLog:   C:\Program Files\Epic Games\UE_4.20\Engine\Source\Runtime\Engine\Classes\GameFramework/Pawn.h(22): note: see declaration of 'UInputComponent'
[2018.09.24-09.44.51:630][261]CompilerResultsLog:    C:\Development\p9examples\CaptFunctionalUnreal\Source\CaptFunctionalUnreal\CaptainFunctionalPawn.cpp(41) : error C2276: '&': illegal operation on bound member function expression
[2018.09.24-09.44.51:630][261]CompilerResultsLog:   [2/5] CaptFunctionalUnreal.init.gen.cpp
[2018.09.24-09.44.51:630][261]CompilerResultsLog:   [3/5] CaptainFunctionalPawn.gen.cpp
[2018.09.24-09.44.51:630][261]CompilerResultsLog: ERROR: UBT ERROR: Failed to produce item: C:\Development\p9examples\CaptFunctionalUnreal\Binaries\Win64\UE4Editor-CaptFunctionalUnreal-2542.dll
[2018.09.24-09.44.51:630][261]CompilerResultsLog:        (see ../Programs/UnrealBuildTool/Log.txt for full exception trace)
[2018.09.24-09.44.51:630][261]CompilerResultsLog: Total build time: 21,07 seconds (Parallel executor: 0,00 seconds)
[2018.09.24-09.44.51:630][261]LogMainFrame: MainFrame: Module compiling took 21.449 seconds
[2018.09.24-09.44.51:630][261]Warning: HotReload failed, recompile failed
[2018.09.24-09.45.49:822][115]Cmd: OBJ SAVEPACKAGE PACKAGE="/Temp/Untitled_1" FILE="../../../../../../Development/p9examples/CaptFunctionalUnreal/Saved/Autosaves/Temp/Untitled_1_Auto1.umap" SILENT=true AUTOSAVING=true KEEPDIRTY=false
[2018.09.24-09.45.49:861][115]LogSavePackage: Moving '../../../../../../Development/p9examples/CaptFunctionalUnreal/Saved/Untitled_1_Auto12CAA45854EB07BEC8A492C8F829FBBDF.tmp' to '../../../../../../Development/p9examples/CaptFunctionalUnreal/Saved/Autosaves/Temp/Untitled_1_Auto1.umap'
[2018.09.24-09.45.49:864][115]LogFileHelpers: Editor autosave (incl. sublevels) for '/Temp/Untitled_1' took 0.072
[2018.09.24-09.45.49:864][115]LogFileHelpers: Editor autosave (incl. sublevels) for all levels took 0.072
[2018.09.24-10.16.57:995][394]LogHttp: Warning: 000001AB297D8180: request failed, libcurl error: 6 (Couldn't resolve host name)
[2018.09.24-10.16.57:995][394]LogHttp: Warning: 000001AB297D8180: libcurl info message cache 0 (Connection 4 seems to be dead!)
[2018.09.24-10.16.57:995][394]LogHttp: Warning: 000001AB297D8180: libcurl info message cache 1 (Closing connection 4)
[2018.09.24-10.16.57:995][394]LogHttp: Warning: 000001AB297D8180: libcurl info message cache 2 (TLSv1.2 (OUT), TLS alert, Client hello (1):)
[2018.09.24-10.16.57:995][394]LogHttp: Warning: 000001AB297D8180: libcurl info message cache 3 (Could not resolve host: datarouter.ol.epicgames.com)
[2018.09.24-10.16.57:995][394]LogHttp: Warning: 000001AB297D8180: libcurl info message cache 4 (Closing connection 5)
[2018.09.24-10.20.29:628][ 26]LogSlate: Window 'Message Log' being destroyed
[2018.09.24-10.20.29:630][ 26]LogSlate: Window 'Message Log' being destroyed
[2018.09.24-10.20.32:626][122]Candidate modules for hot reload:
[2018.09.24-10.20.32:626][122]  CaptFunctionalUnreal
[2018.09.24-10.20.32:626][122]Launching UnrealBuildTool... [C:/Program Files/Epic Games/UE_4.20/Engine/Binaries/DotNET/UnrealBuildTool.exe  -ModuleWithSuffix=CaptFunctionalUnreal,5670 Win64 Development -TargetType=Editor -Project="../../../../../../Development/p9examples/CaptFunctionalUnreal/CaptFunctionalUnreal.uproject" -canskiplink -nosharedpch "C:/Development/p9examples/CaptFunctionalUnreal/CaptFunctionalUnreal.uproject" ]
[2018.09.24-10.20.32:637][122]Warning: Starting HotReload took  0.0s.
[2018.09.24-10.20.51:852][281]CompilerResultsLog: New page: Compilation - Sep 24, 2018, 2:20:51 PM
[2018.09.24-10.20.51:852][281]CompilerResultsLog: Using 'git status' to determine working set for adaptive non-unity build.
[2018.09.24-10.20.51:852][281]CompilerResultsLog: Compiling game modules for hot reload
[2018.09.24-10.20.51:852][281]CompilerResultsLog: Parsing headers for CaptFunctionalUnrealEditor
[2018.09.24-10.20.51:852][281]CompilerResultsLog:   Running UnrealHeaderTool "C:\Development\p9examples\CaptFunctionalUnreal\CaptFunctionalUnreal.uproject" "C:\Development\p9examples\CaptFunctionalUnreal\Intermediate\Build\Win64\CaptFunctionalUnrealEditor\Development\CaptFunctionalUnrealEditor.uhtmanifest" -LogCmds="loginit warning, logexit warning, logdatabase error" -Unattended -WarningsAsErrors -installed
[2018.09.24-10.20.51:852][281]CompilerResultsLog: Reflection code generated for CaptFunctionalUnrealEditor in 12,4203591 seconds
[2018.09.24-10.20.51:852][281]CompilerResultsLog: Building 4 actions with 4 processes...
[2018.09.24-10.20.51:852][281]CompilerResultsLog:   [1/4] CaptainFunctionalPawn.cpp
[2018.09.24-10.20.51:852][281]CompilerResultsLog:    C:\Development\p9examples\CaptFunctionalUnreal\Source\CaptFunctionalUnreal\CaptainFunctionalPawn.cpp(34) : error C2027: use of undefined type 'UInputComponent'
[2018.09.24-10.20.51:852][281]CompilerResultsLog:   C:\Program Files\Epic Games\UE_4.20\Engine\Source\Runtime\Engine\Classes\GameFramework/Pawn.h(22): note: see declaration of 'UInputComponent'
[2018.09.24-10.20.51:852][281]CompilerResultsLog:    C:\Development\p9examples\CaptFunctionalUnreal\Source\CaptFunctionalUnreal\CaptainFunctionalPawn.cpp(34) : error C2276: '&': illegal operation on bound member function expression
[2018.09.24-10.20.51:852][281]CompilerResultsLog:    C:\Development\p9examples\CaptFunctionalUnreal\Source\CaptFunctionalUnreal\CaptainFunctionalPawn.cpp(35) : error C2027: use of undefined type 'UInputComponent'
[2018.09.24-10.20.51:852][281]CompilerResultsLog:   C:\Program Files\Epic Games\UE_4.20\Engine\Source\Runtime\Engine\Classes\GameFramework/Pawn.h(22): note: see declaration of 'UInputComponent'
[2018.09.24-10.20.51:852][281]CompilerResultsLog:    C:\Development\p9examples\CaptFunctionalUnreal\Source\CaptFunctionalUnreal\CaptainFunctionalPawn.cpp(35) : error C2276: '&': illegal operation on bound member function expression
[2018.09.24-10.20.51:852][281]CompilerResultsLog:    C:\Development\p9examples\CaptFunctionalUnreal\Source\CaptFunctionalUnreal\CaptainFunctionalPawn.cpp(36) : error C2027: use of undefined type 'UInputComponent'
[2018.09.24-10.20.51:852][281]CompilerResultsLog:   C:\Program Files\Epic Games\UE_4.20\Engine\Source\Runtime\Engine\Classes\GameFramework/Pawn.h(22): note: see declaration of 'UInputComponent'
[2018.09.24-10.20.51:852][281]CompilerResultsLog:    C:\Development\p9examples\CaptFunctionalUnreal\Source\CaptFunctionalUnreal\CaptainFunctionalPawn.cpp(36) : error C2276: '&': illegal operation on bound member function expression
[2018.09.24-10.20.51:852][281]CompilerResultsLog:    C:\Development\p9examples\CaptFunctionalUnreal\Source\CaptFunctionalUnreal\CaptainFunctionalPawn.cpp(37) : error C2027: use of undefined type 'UInputComponent'
[2018.09.24-10.20.51:852][281]CompilerResultsLog:   C:\Program Files\Epic Games\UE_4.20\Engine\Source\Runtime\Engine\Classes\GameFramework/Pawn.h(22): note: see declaration of 'UInputComponent'
[2018.09.24-10.20.51:852][281]CompilerResultsLog:    C:\Development\p9examples\CaptFunctionalUnreal\Source\CaptFunctionalUnreal\CaptainFunctionalPawn.cpp(37) : error C2276: '&': illegal operation on bound member function expression
[2018.09.24-10.20.51:852][281]CompilerResultsLog:    C:\Development\p9examples\CaptFunctionalUnreal\Source\CaptFunctionalUnreal\CaptainFunctionalPawn.cpp(38) : error C2027: use of undefined type 'UInputComponent'
[2018.09.24-10.20.51:852][281]CompilerResultsLog:   C:\Program Files\Epic Games\UE_4.20\Engine\Source\Runtime\Engine\Classes\GameFramework/Pawn.h(22): note: see declaration of 'UInputComponent'
[2018.09.24-10.20.51:852][281]CompilerResultsLog:    C:\Development\p9examples\CaptFunctionalUnreal\Source\CaptFunctionalUnreal\CaptainFunctionalPawn.cpp(38) : error C2276: '&': illegal operation on bound member function expression
[2018.09.24-10.20.51:852][281]CompilerResultsLog:   [2/4] CaptainFunctionalPawn.gen.cpp
[2018.09.24-10.20.51:852][281]CompilerResultsLog: ERROR: UBT ERROR: Failed to produce item: C:\Development\p9examples\CaptFunctionalUnreal\Binaries\Win64\UE4Editor-CaptFunctionalUnreal-5670.dll
[2018.09.24-10.20.51:852][281]CompilerResultsLog:        (see ../Programs/UnrealBuildTool/Log.txt for full exception trace)
[2018.09.24-10.20.51:852][281]CompilerResultsLog: Total build time: 18,61 seconds (Parallel executor: 0,00 seconds)
[2018.09.24-10.20.51:852][281]LogMainFrame: MainFrame: Module compiling took 19.235 seconds
[2018.09.24-10.20.51:853][281]Warning: HotReload failed, recompile failed
[2018.09.24-11.02.40:788][147]LogSlate: Window 'Message Log' being destroyed
[2018.09.24-11.02.40:792][147]LogSlate: Window 'Message Log' being destroyed
[2018.09.24-11.03.47:122][582]Candidate modules for hot reload:
[2018.09.24-11.03.47:122][582]  CaptFunctionalUnreal
[2018.09.24-11.03.47:123][582]Launching UnrealBuildTool... [C:/Program Files/Epic Games/UE_4.20/Engine/Binaries/DotNET/UnrealBuildTool.exe  -ModuleWithSuffix=CaptFunctionalUnreal,7104 Win64 Development -TargetType=Editor -Project="../../../../../../Development/p9examples/CaptFunctionalUnreal/CaptFunctionalUnreal.uproject" -canskiplink -nosharedpch "C:/Development/p9examples/CaptFunctionalUnreal/CaptFunctionalUnreal.uproject" ]
[2018.09.24-11.03.47:134][582]Warning: Starting HotReload took  0.0s.
[2018.09.24-11.03.52:310][798]CompilerResultsLog: New page: Compilation - Sep 24, 2018, 3:03:52 PM
[2018.09.24-11.03.52:310][798]CompilerResultsLog: Using 'git status' to determine working set for adaptive non-unity build.
[2018.09.24-11.03.52:310][798]CompilerResultsLog: Compiling game modules for hot reload
[2018.09.24-11.03.52:310][798]CompilerResultsLog: Building 3 actions with 4 processes...
[2018.09.24-11.03.52:310][798]CompilerResultsLog:   [1/3] CaptainFunctionalPawn.cpp
[2018.09.24-11.03.52:310][798]CompilerResultsLog:    C:\Development\p9examples\CaptFunctionalUnreal\Source\CaptFunctionalUnreal\CaptainFunctionalPawn.cpp(34) : error C2027: use of undefined type 'UInputComponent'
[2018.09.24-11.03.52:310][798]CompilerResultsLog:   C:\Program Files\Epic Games\UE_4.20\Engine\Source\Runtime\Engine\Classes\GameFramework/Pawn.h(22): note: see declaration of 'UInputComponent'
[2018.09.24-11.03.52:310][798]CompilerResultsLog:    C:\Development\p9examples\CaptFunctionalUnreal\Source\CaptFunctionalUnreal\CaptainFunctionalPawn.cpp(34) : error C2276: '&': illegal operation on bound member function expression
[2018.09.24-11.03.52:310][798]CompilerResultsLog:    C:\Development\p9examples\CaptFunctionalUnreal\Source\CaptFunctionalUnreal\CaptainFunctionalPawn.cpp(35) : error C2027: use of undefined type 'UInputComponent'
[2018.09.24-11.03.52:310][798]CompilerResultsLog:   C:\Program Files\Epic Games\UE_4.20\Engine\Source\Runtime\Engine\Classes\GameFramework/Pawn.h(22): note: see declaration of 'UInputComponent'
[2018.09.24-11.03.52:310][798]CompilerResultsLog:    C:\Development\p9examples\CaptFunctionalUnreal\Source\CaptFunctionalUnreal\CaptainFunctionalPawn.cpp(35) : error C2276: '&': illegal operation on bound member function expression
[2018.09.24-11.03.52:310][798]CompilerResultsLog:    C:\Development\p9examples\CaptFunctionalUnreal\Source\CaptFunctionalUnreal\CaptainFunctionalPawn.cpp(36) : error C2027: use of undefined type 'UInputComponent'
[2018.09.24-11.03.52:310][798]CompilerResultsLog:   C:\Program Files\Epic Games\UE_4.20\Engine\Source\Runtime\Engine\Classes\GameFramework/Pawn.h(22): note: see declaration of 'UInputComponent'
[2018.09.24-11.03.52:310][798]CompilerResultsLog:    C:\Development\p9examples\CaptFunctionalUnreal\Source\CaptFunctionalUnreal\CaptainFunctionalPawn.cpp(36) : error C2276: '&': illegal operation on bound member function expression
[2018.09.24-11.03.52:310][798]CompilerResultsLog:    C:\Development\p9examples\CaptFunctionalUnreal\Source\CaptFunctionalUnreal\CaptainFunctionalPawn.cpp(37) : error C2027: use of undefined type 'UInputComponent'
[2018.09.24-11.03.52:310][798]CompilerResultsLog:   C:\Program Files\Epic Games\UE_4.20\Engine\Source\Runtime\Engine\Classes\GameFramework/Pawn.h(22): note: see declaration of 'UInputComponent'
[2018.09.24-11.03.52:310][798]CompilerResultsLog:    C:\Development\p9examples\CaptFunctionalUnreal\Source\CaptFunctionalUnreal\CaptainFunctionalPawn.cpp(37) : error C2276: '&': illegal operation on bound member function expression
[2018.09.24-11.03.52:310][798]CompilerResultsLog:    C:\Development\p9examples\CaptFunctionalUnreal\Source\CaptFunctionalUnreal\CaptainFunctionalPawn.cpp(38) : error C2027: use of undefined type 'UInputComponent'
[2018.09.24-11.03.52:310][798]CompilerResultsLog:   C:\Program Files\Epic Games\UE_4.20\Engine\Source\Runtime\Engine\Classes\GameFramework/Pawn.h(22): note: see declaration of 'UInputComponent'
[2018.09.24-11.03.52:310][798]CompilerResultsLog:    C:\Development\p9examples\CaptFunctionalUnreal\Source\CaptFunctionalUnreal\CaptainFunctionalPawn.cpp(38) : error C2276: '&': illegal operation on bound member function expression
[2018.09.24-11.03.52:310][798]CompilerResultsLog: ERROR: UBT ERROR: Failed to produce item: C:\Development\p9examples\CaptFunctionalUnreal\Binaries\Win64\UE4Editor-CaptFunctionalUnreal-7104.dll
[2018.09.24-11.03.52:310][798]CompilerResultsLog:        (see ../Programs/UnrealBuildTool/Log.txt for full exception trace)
[2018.09.24-11.03.52:310][798]CompilerResultsLog: Total build time: 4,86 seconds (Parallel executor: 0,00 seconds)
[2018.09.24-11.03.52:311][798]LogMainFrame: MainFrame: Module compiling took 5.205 seconds
[2018.09.24-11.03.52:311][798]Warning: HotReload failed, recompile failed
[2018.09.24-11.05.41:899][888]LogSlate: Window 'Message Log' being destroyed
[2018.09.24-11.05.41:923][888]LogSlate: Window 'Message Log' being destroyed
[2018.09.24-11.05.43:186][949]Candidate modules for hot reload:
[2018.09.24-11.05.43:187][949]  CaptFunctionalUnreal
[2018.09.24-11.05.43:187][949]Launching UnrealBuildTool... [C:/Program Files/Epic Games/UE_4.20/Engine/Binaries/DotNET/UnrealBuildTool.exe  -ModuleWithSuffix=CaptFunctionalUnreal,8685 Win64 Development -TargetType=Editor -Project="../../../../../../Development/p9examples/CaptFunctionalUnreal/CaptFunctionalUnreal.uproject" -canskiplink -nosharedpch "C:/Development/p9examples/CaptFunctionalUnreal/CaptFunctionalUnreal.uproject" ]
[2018.09.24-11.05.43:198][949]Warning: Starting HotReload took  0.0s.
[2018.09.24-11.05.49:628][237]CompilerResultsLog: New page: Compilation - Sep 24, 2018, 3:05:49 PM
[2018.09.24-11.05.49:629][237]CompilerResultsLog: Using 'git status' to determine working set for adaptive non-unity build.
[2018.09.24-11.05.49:629][237]CompilerResultsLog: Compiling game modules for hot reload
[2018.09.24-11.05.49:629][237]CompilerResultsLog: Building 3 actions with 4 processes...
[2018.09.24-11.05.49:629][237]CompilerResultsLog:   [1/3] CaptainFunctionalPawn.cpp
[2018.09.24-11.05.49:629][237]CompilerResultsLog:    C:\Development\p9examples\CaptFunctionalUnreal\Source\CaptFunctionalUnreal\CaptainFunctionalPawn.cpp(35) : error C2276: '&': illegal operation on bound member function expression
[2018.09.24-11.05.49:629][237]CompilerResultsLog:    C:\Development\p9examples\CaptFunctionalUnreal\Source\CaptFunctionalUnreal\CaptainFunctionalPawn.cpp(35) : error C2672: 'UInputComponent::BindAction': no matching overloaded function found
[2018.09.24-11.05.49:629][237]CompilerResultsLog:    C:\Development\p9examples\CaptFunctionalUnreal\Source\CaptFunctionalUnreal\CaptainFunctionalPawn.cpp(35) : error C2780: 'FInputActionBinding &UInputComponent::BindAction(const FName,const EInputEvent,UserClass *,DelegateType::TUObjectMethodDelegate<UserClass>::FMethodPtr,VarTypes...)': expects 5 arguments - 3 provided
[2018.09.24-11.05.49:629][237]CompilerResultsLog:   C:\Program Files\Epic Games\UE_4.20\Engine\Source\Runtime\Engine\Classes\Components/InputComponent.h(777): note: see declaration of 'UInputComponent::BindAction'
[2018.09.24-11.05.49:629][237]CompilerResultsLog:    C:\Development\p9examples\CaptFunctionalUnreal\Source\CaptFunctionalUnreal\CaptainFunctionalPawn.cpp(35) : error C2780: 'FInputActionBinding &UInputComponent::BindAction(const FName,const EInputEvent,UserClass *,TBaseDelegate<void,FKey>::TUObjectMethodDelegate<UserClass>::FMethodPtr)': expects 4 arguments - 3 provided
[2018.09.24-11.05.49:629][237]CompilerResultsLog:   C:\Program Files\Epic Games\UE_4.20\Engine\Source\Runtime\Engine\Classes\Components/InputComponent.h(765): note: see declaration of 'UInputComponent::BindAction'
[2018.09.24-11.05.49:629][237]CompilerResultsLog:    C:\Development\p9examples\CaptFunctionalUnreal\Source\CaptFunctionalUnreal\CaptainFunctionalPawn.cpp(35) : error C2780: 'FInputActionBinding &UInputComponent::BindAction(const FName,const EInputEvent,UserClass *,TBaseDelegate<void>::TUObjectMethodDelegate<UserClass>::FMethodPtr)': expects 4 arguments - 3 provided
[2018.09.24-11.05.49:629][237]CompilerResultsLog:   C:\Program Files\Epic Games\UE_4.20\Engine\Source\Runtime\Engine\Classes\Components/InputComponent.h(753): note: see declaration of 'UInputComponent::BindAction'
[2018.09.24-11.05.49:629][237]CompilerResultsLog:    C:\Development\p9examples\CaptFunctionalUnreal\Source\CaptFunctionalUnreal\CaptainFunctionalPawn.cpp(36) : error C2276: '&': illegal operation on bound member function expression
[2018.09.24-11.05.49:629][237]CompilerResultsLog:    C:\Development\p9examples\CaptFunctionalUnreal\Source\CaptFunctionalUnreal\CaptainFunctionalPawn.cpp(36) : error C2672: 'UInputComponent::BindAction': no matching overloaded function found
[2018.09.24-11.05.49:629][237]CompilerResultsLog:    C:\Development\p9examples\CaptFunctionalUnreal\Source\CaptFunctionalUnreal\CaptainFunctionalPawn.cpp(36) : error C2780: 'FInputActionBinding &UInputComponent::BindAction(const FName,const EInputEvent,UserClass *,DelegateType::TUObjectMethodDelegate<UserClass>::FMethodPtr,VarTypes...)': expects 5 arguments - 3 provided
[2018.09.24-11.05.49:629][237]CompilerResultsLog:   C:\Program Files\Epic Games\UE_4.20\Engine\Source\Runtime\Engine\Classes\Components/InputComponent.h(777): note: see declaration of 'UInputComponent::BindAction'
[2018.09.24-11.05.49:629][237]CompilerResultsLog:    C:\Development\p9examples\CaptFunctionalUnreal\Source\CaptFunctionalUnreal\CaptainFunctionalPawn.cpp(36) : error C2780: 'FInputActionBinding &UInputComponent::BindAction(const FName,const EInputEvent,UserClass *,TBaseDelegate<void,FKey>::TUObjectMethodDelegate<UserClass>::FMethodPtr)': expects 4 arguments - 3 provided
[2018.09.24-11.05.49:629][237]CompilerResultsLog:   C:\Program Files\Epic Games\UE_4.20\Engine\Source\Runtime\Engine\Classes\Components/InputComponent.h(765): note: see declaration of 'UInputComponent::BindAction'
[2018.09.24-11.05.49:629][237]CompilerResultsLog:    C:\Development\p9examples\CaptFunctionalUnreal\Source\CaptFunctionalUnreal\CaptainFunctionalPawn.cpp(36) : error C2780: 'FInputActionBinding &UInputComponent::BindAction(const FName,const EInputEvent,UserClass *,TBaseDelegate<void>::TUObjectMethodDelegate<UserClass>::FMethodPtr)': expects 4 arguments - 3 provided
[2018.09.24-11.05.49:629][237]CompilerResultsLog:   C:\Program Files\Epic Games\UE_4.20\Engine\Source\Runtime\Engine\Classes\Components/InputComponent.h(753): note: see declaration of 'UInputComponent::BindAction'
[2018.09.24-11.05.49:629][237]CompilerResultsLog:    C:\Development\p9examples\CaptFunctionalUnreal\Source\CaptFunctionalUnreal\CaptainFunctionalPawn.cpp(37) : error C2276: '&': illegal operation on bound member function expression
[2018.09.24-11.05.49:629][237]CompilerResultsLog:    C:\Development\p9examples\CaptFunctionalUnreal\Source\CaptFunctionalUnreal\CaptainFunctionalPawn.cpp(37) : error C2672: 'UInputComponent::BindAction': no matching overloaded function found
[2018.09.24-11.05.49:629][237]CompilerResultsLog:    C:\Development\p9examples\CaptFunctionalUnreal\Source\CaptFunctionalUnreal\CaptainFunctionalPawn.cpp(37) : error C2780: 'FInputActionBinding &UInputComponent::BindAction(const FName,const EInputEvent,UserClass *,DelegateType::TUObjectMethodDelegate<UserClass>::FMethodPtr,VarTypes...)': expects 5 arguments - 3 provided
[2018.09.24-11.05.49:629][237]CompilerResultsLog:   C:\Program Files\Epic Games\UE_4.20\Engine\Source\Runtime\Engine\Classes\Components/InputComponent.h(777): note: see declaration of 'UInputComponent::BindAction'
[2018.09.24-11.05.49:629][237]CompilerResultsLog:    C:\Development\p9examples\CaptFunctionalUnreal\Source\CaptFunctionalUnreal\CaptainFunctionalPawn.cpp(37) : error C2780: 'FInputActionBinding &UInputComponent::BindAction(const FName,const EInputEvent,UserClass *,TBaseDelegate<void,FKey>::TUObjectMethodDelegate<UserClass>::FMethodPtr)': expects 4 arguments - 3 provided
[2018.09.24-11.05.49:629][237]CompilerResultsLog:   C:\Program Files\Epic Games\UE_4.20\Engine\Source\Runtime\Engine\Classes\Components/InputComponent.h(765): note: see declaration of 'UInputComponent::BindAction'
[2018.09.24-11.05.49:629][237]CompilerResultsLog:    C:\Development\p9examples\CaptFunctionalUnreal\Source\CaptFunctionalUnreal\CaptainFunctionalPawn.cpp(37) : error C2780: 'FInputActionBinding &UInputComponent::BindAction(const FName,const EInputEvent,UserClass *,TBaseDelegate<void>::TUObjectMethodDelegate<UserClass>::FMethodPtr)': expects 4 arguments - 3 provided
[2018.09.24-11.05.49:629][237]CompilerResultsLog:   C:\Program Files\Epic Games\UE_4.20\Engine\Source\Runtime\Engine\Classes\Components/InputComponent.h(753): note: see declaration of 'UInputComponent::BindAction'
[2018.09.24-11.05.49:629][237]CompilerResultsLog:    C:\Development\p9examples\CaptFunctionalUnreal\Source\CaptFunctionalUnreal\CaptainFunctionalPawn.cpp(38) : error C2276: '&': illegal operation on bound member function expression
[2018.09.24-11.05.49:629][237]CompilerResultsLog:    C:\Development\p9examples\CaptFunctionalUnreal\Source\CaptFunctionalUnreal\CaptainFunctionalPawn.cpp(38) : error C2672: 'UInputComponent::BindAction': no matching overloaded function found
[2018.09.24-11.05.49:630][237]CompilerResultsLog:    C:\Development\p9examples\CaptFunctionalUnreal\Source\CaptFunctionalUnreal\CaptainFunctionalPawn.cpp(38) : error C2780: 'FInputActionBinding &UInputComponent::BindAction(const FName,const EInputEvent,UserClass *,DelegateType::TUObjectMethodDelegate<UserClass>::FMethodPtr,VarTypes...)': expects 5 arguments - 3 provided
[2018.09.24-11.05.49:630][237]CompilerResultsLog:   C:\Program Files\Epic Games\UE_4.20\Engine\Source\Runtime\Engine\Classes\Components/InputComponent.h(777): note: see declaration of 'UInputComponent::BindAction'
[2018.09.24-11.05.49:630][237]CompilerResultsLog:    C:\Development\p9examples\CaptFunctionalUnreal\Source\CaptFunctionalUnreal\CaptainFunctionalPawn.cpp(38) : error C2780: 'FInputActionBinding &UInputComponent::BindAction(const FName,const EInputEvent,UserClass *,TBaseDelegate<void,FKey>::TUObjectMethodDelegate<UserClass>::FMethodPtr)': expects 4 arguments - 3 provided
[2018.09.24-11.05.49:630][237]CompilerResultsLog:   C:\Program Files\Epic Games\UE_4.20\Engine\Source\Runtime\Engine\Classes\Components/InputComponent.h(765): note: see declaration of 'UInputComponent::BindAction'
[2018.09.24-11.05.49:630][237]CompilerResultsLog:    C:\Development\p9examples\CaptFunctionalUnreal\Source\CaptFunctionalUnreal\CaptainFunctionalPawn.cpp(38) : error C2780: 'FInputActionBinding &UInputComponent::BindAction(const FName,const EInputEvent,UserClass *,TBaseDelegate<void>::TUObjectMethodDelegate<UserClass>::FMethodPtr)': expects 4 arguments - 3 provided
[2018.09.24-11.05.49:630][237]CompilerResultsLog:   C:\Program Files\Epic Games\UE_4.20\Engine\Source\Runtime\Engine\Classes\Components/InputComponent.h(753): note: see declaration of 'UInputComponent::BindAction'
[2018.09.24-11.05.49:630][237]CompilerResultsLog:    C:\Development\p9examples\CaptFunctionalUnreal\Source\CaptFunctionalUnreal\CaptainFunctionalPawn.cpp(39) : error C2276: '&': illegal operation on bound member function expression
[2018.09.24-11.05.49:630][237]CompilerResultsLog:    C:\Development\p9examples\CaptFunctionalUnreal\Source\CaptFunctionalUnreal\CaptainFunctionalPawn.cpp(39) : error C2672: 'UInputComponent::BindAction': no matching overloaded function found
[2018.09.24-11.05.49:630][237]CompilerResultsLog:    C:\Development\p9examples\CaptFunctionalUnreal\Source\CaptFunctionalUnreal\CaptainFunctionalPawn.cpp(39) : error C2780: 'FInputActionBinding &UInputComponent::BindAction(const FName,const EInputEvent,UserClass *,DelegateType::TUObjectMethodDelegate<UserClass>::FMethodPtr,VarTypes...)': expects 5 arguments - 3 provided
[2018.09.24-11.05.49:630][237]CompilerResultsLog:   C:\Program Files\Epic Games\UE_4.20\Engine\Source\Runtime\Engine\Classes\Components/InputComponent.h(777): note: see declaration of 'UInputComponent::BindAction'
[2018.09.24-11.05.49:630][237]CompilerResultsLog:    C:\Development\p9examples\CaptFunctionalUnreal\Source\CaptFunctionalUnreal\CaptainFunctionalPawn.cpp(39) : error C2780: 'FInputActionBinding &UInputComponent::BindAction(const FName,const EInputEvent,UserClass *,TBaseDelegate<void,FKey>::TUObjectMethodDelegate<UserClass>::FMethodPtr)': expects 4 arguments - 3 provided
[2018.09.24-11.05.49:630][237]CompilerResultsLog:   C:\Program Files\Epic Games\UE_4.20\Engine\Source\Runtime\Engine\Classes\Components/InputComponent.h(765): note: see declaration of 'UInputComponent::BindAction'
[2018.09.24-11.05.49:630][237]CompilerResultsLog:    C:\Development\p9examples\CaptFunctionalUnreal\Source\CaptFunctionalUnreal\CaptainFunctionalPawn.cpp(39) : error C2780: 'FInputActionBinding &UInputComponent::BindAction(const FName,const EInputEvent,UserClass *,TBaseDelegate<void>::TUObjectMethodDelegate<UserClass>::FMethodPtr)': expects 4 arguments - 3 provided
[2018.09.24-11.05.49:630][237]CompilerResultsLog:   C:\Program Files\Epic Games\UE_4.20\Engine\Source\Runtime\Engine\Classes\Components/InputComponent.h(753): note: see declaration of 'UInputComponent::BindAction'
[2018.09.24-11.05.49:630][237]CompilerResultsLog: ERROR: UBT ERROR: Failed to produce item: C:\Development\p9examples\CaptFunctionalUnreal\Binaries\Win64\UE4Editor-CaptFunctionalUnreal-8685.dll
[2018.09.24-11.05.49:630][237]CompilerResultsLog:        (see ../Programs/UnrealBuildTool/Log.txt for full exception trace)
[2018.09.24-11.05.49:630][237]CompilerResultsLog: Total build time: 6,08 seconds (Parallel executor: 0,00 seconds)
[2018.09.24-11.05.49:630][237]LogMainFrame: MainFrame: Module compiling took 6.452 seconds
[2018.09.24-11.05.49:630][237]Warning: HotReload failed, recompile failed
[2018.09.24-11.06.23:340][ 38]LogSlate: Window 'Message Log' being destroyed
[2018.09.24-11.06.23:352][ 38]LogSlate: Window 'Message Log' being destroyed
[2018.09.24-11.06.24:438][ 85]Candidate modules for hot reload:
[2018.09.24-11.06.24:438][ 85]  CaptFunctionalUnreal
[2018.09.24-11.06.24:438][ 85]Launching UnrealBuildTool... [C:/Program Files/Epic Games/UE_4.20/Engine/Binaries/DotNET/UnrealBuildTool.exe  -ModuleWithSuffix=CaptFunctionalUnreal,2134 Win64 Development -TargetType=Editor -Project="../../../../../../Development/p9examples/CaptFunctionalUnreal/CaptFunctionalUnreal.uproject" -canskiplink -nosharedpch "C:/Development/p9examples/CaptFunctionalUnreal/CaptFunctionalUnreal.uproject" ]
[2018.09.24-11.06.24:449][ 85]Warning: Starting HotReload took  0.0s.
[2018.09.24-11.06.29:809][324]CompilerResultsLog: New page: Compilation - Sep 24, 2018, 3:06:29 PM
[2018.09.24-11.06.29:810][324]CompilerResultsLog: Using 'git status' to determine working set for adaptive non-unity build.
[2018.09.24-11.06.29:810][324]CompilerResultsLog: Compiling game modules for hot reload
[2018.09.24-11.06.29:810][324]CompilerResultsLog: Building 3 actions with 4 processes...
[2018.09.24-11.06.29:810][324]CompilerResultsLog:   [1/3] CaptainFunctionalPawn.cpp
[2018.09.24-11.06.29:810][324]CompilerResultsLog:    C:\Development\p9examples\CaptFunctionalUnreal\Source\CaptFunctionalUnreal\CaptainFunctionalPawn.cpp(35) : error C3867: 'ACaptainFunctionalPawn::MoveUp': non-standard syntax; use '&' to create a pointer to member
[2018.09.24-11.06.29:810][324]CompilerResultsLog:    C:\Development\p9examples\CaptFunctionalUnreal\Source\CaptFunctionalUnreal\CaptainFunctionalPawn.cpp(35) : error C2672: 'UInputComponent::BindAction': no matching overloaded function found
[2018.09.24-11.06.29:810][324]CompilerResultsLog:    C:\Development\p9examples\CaptFunctionalUnreal\Source\CaptFunctionalUnreal\CaptainFunctionalPawn.cpp(36) : error C3867: 'ACaptainFunctionalPawn::MoveDown': non-standard syntax; use '&' to create a pointer to member
[2018.09.24-11.06.29:810][324]CompilerResultsLog:    C:\Development\p9examples\CaptFunctionalUnreal\Source\CaptFunctionalUnreal\CaptainFunctionalPawn.cpp(36) : error C2672: 'UInputComponent::BindAction': no matching overloaded function found
[2018.09.24-11.06.29:810][324]CompilerResultsLog:    C:\Development\p9examples\CaptFunctionalUnreal\Source\CaptFunctionalUnreal\CaptainFunctionalPawn.cpp(37) : error C3867: 'ACaptainFunctionalPawn::MoveRight': non-standard syntax; use '&' to create a pointer to member
[2018.09.24-11.06.29:810][324]CompilerResultsLog:    C:\Development\p9examples\CaptFunctionalUnreal\Source\CaptFunctionalUnreal\CaptainFunctionalPawn.cpp(37) : error C2672: 'UInputComponent::BindAction': no matching overloaded function found
[2018.09.24-11.06.29:810][324]CompilerResultsLog:    C:\Development\p9examples\CaptFunctionalUnreal\Source\CaptFunctionalUnreal\CaptainFunctionalPawn.cpp(38) : error C3867: 'ACaptainFunctionalPawn::MoveLeft': non-standard syntax; use '&' to create a pointer to member
[2018.09.24-11.06.29:810][324]CompilerResultsLog:    C:\Development\p9examples\CaptFunctionalUnreal\Source\CaptFunctionalUnreal\CaptainFunctionalPawn.cpp(38) : error C2672: 'UInputComponent::BindAction': no matching overloaded function found
[2018.09.24-11.06.29:810][324]CompilerResultsLog:    C:\Development\p9examples\CaptFunctionalUnreal\Source\CaptFunctionalUnreal\CaptainFunctionalPawn.cpp(39) : error C3867: 'ACaptainFunctionalPawn::Attack': non-standard syntax; use '&' to create a pointer to member
[2018.09.24-11.06.29:810][324]CompilerResultsLog:    C:\Development\p9examples\CaptFunctionalUnreal\Source\CaptFunctionalUnreal\CaptainFunctionalPawn.cpp(39) : error C2672: 'UInputComponent::BindAction': no matching overloaded function found
[2018.09.24-11.06.29:810][324]CompilerResultsLog: ERROR: UBT ERROR: Failed to produce item: C:\Development\p9examples\CaptFunctionalUnreal\Binaries\Win64\UE4Editor-CaptFunctionalUnreal-2134.dll
[2018.09.24-11.06.29:810][324]CompilerResultsLog:        (see ../Programs/UnrealBuildTool/Log.txt for full exception trace)
[2018.09.24-11.06.29:810][324]CompilerResultsLog: Total build time: 5,07 seconds (Parallel executor: 0,00 seconds)
[2018.09.24-11.06.29:810][324]LogMainFrame: MainFrame: Module compiling took 5.383 seconds
[2018.09.24-11.06.29:810][324]Warning: HotReload failed, recompile failed
[2018.09.24-11.06.56:457][961]Candidate modules for hot reload:
[2018.09.24-11.06.56:457][961]  CaptFunctionalUnreal
[2018.09.24-11.06.56:457][961]Launching UnrealBuildTool... [C:/Program Files/Epic Games/UE_4.20/Engine/Binaries/DotNET/UnrealBuildTool.exe  -ModuleWithSuffix=CaptFunctionalUnreal,6073 Win64 Development -TargetType=Editor -Project="../../../../../../Development/p9examples/CaptFunctionalUnreal/CaptFunctionalUnreal.uproject" -canskiplink -nosharedpch "C:/Development/p9examples/CaptFunctionalUnreal/CaptFunctionalUnreal.uproject" ]
[2018.09.24-11.06.56:468][961]Warning: Starting HotReload took  0.0s.
[2018.09.24-11.06.57:862][ 24]LogSlate: Window 'Message Log' being destroyed
[2018.09.24-11.06.57:890][ 24]LogSlate: Window 'Message Log' being destroyed
[2018.09.24-11.07.02:920][268]CompilerResultsLog: New page: Compilation - Sep 24, 2018, 3:07:02 PM
[2018.09.24-11.07.02:921][268]CompilerResultsLog: Using 'git status' to determine working set for adaptive non-unity build.
[2018.09.24-11.07.02:921][268]CompilerResultsLog: Compiling game modules for hot reload
[2018.09.24-11.07.02:921][268]CompilerResultsLog: Building 3 actions with 4 processes...
[2018.09.24-11.07.02:921][268]CompilerResultsLog:   [1/3] CaptainFunctionalPawn.cpp
[2018.09.24-11.07.02:921][268]CompilerResultsLog:    C:\Development\p9examples\CaptFunctionalUnreal\Source\CaptFunctionalUnreal\CaptainFunctionalPawn.cpp(35) : error C2276: '&': illegal operation on bound member function expression
[2018.09.24-11.07.02:921][268]CompilerResultsLog:    C:\Development\p9examples\CaptFunctionalUnreal\Source\CaptFunctionalUnreal\CaptainFunctionalPawn.cpp(35) : error C2672: 'UInputComponent::BindAction': no matching overloaded function found
[2018.09.24-11.07.02:921][268]CompilerResultsLog:    C:\Development\p9examples\CaptFunctionalUnreal\Source\CaptFunctionalUnreal\CaptainFunctionalPawn.cpp(35) : error C2780: 'FInputActionBinding &UInputComponent::BindAction(const FName,const EInputEvent,UserClass *,DelegateType::TUObjectMethodDelegate<UserClass>::FMethodPtr,VarTypes...)': expects 5 arguments - 3 provided
[2018.09.24-11.07.02:921][268]CompilerResultsLog:   C:\Program Files\Epic Games\UE_4.20\Engine\Source\Runtime\Engine\Classes\Components/InputComponent.h(777): note: see declaration of 'UInputComponent::BindAction'
[2018.09.24-11.07.02:921][268]CompilerResultsLog:    C:\Development\p9examples\CaptFunctionalUnreal\Source\CaptFunctionalUnreal\CaptainFunctionalPawn.cpp(35) : error C2780: 'FInputActionBinding &UInputComponent::BindAction(const FName,const EInputEvent,UserClass *,TBaseDelegate<void,FKey>::TUObjectMethodDelegate<UserClass>::FMethodPtr)': expects 4 arguments - 3 provided
[2018.09.24-11.07.02:921][268]CompilerResultsLog:   C:\Program Files\Epic Games\UE_4.20\Engine\Source\Runtime\Engine\Classes\Components/InputComponent.h(765): note: see declaration of 'UInputComponent::BindAction'
[2018.09.24-11.07.02:921][268]CompilerResultsLog:    C:\Development\p9examples\CaptFunctionalUnreal\Source\CaptFunctionalUnreal\CaptainFunctionalPawn.cpp(35) : error C2780: 'FInputActionBinding &UInputComponent::BindAction(const FName,const EInputEvent,UserClass *,TBaseDelegate<void>::TUObjectMethodDelegate<UserClass>::FMethodPtr)': expects 4 arguments - 3 provided
[2018.09.24-11.07.02:921][268]CompilerResultsLog:   C:\Program Files\Epic Games\UE_4.20\Engine\Source\Runtime\Engine\Classes\Components/InputComponent.h(753): note: see declaration of 'UInputComponent::BindAction'
[2018.09.24-11.07.02:921][268]CompilerResultsLog:    C:\Development\p9examples\CaptFunctionalUnreal\Source\CaptFunctionalUnreal\CaptainFunctionalPawn.cpp(36) : error C3867: 'ACaptainFunctionalPawn::MoveDown': non-standard syntax; use '&' to create a pointer to member
[2018.09.24-11.07.02:921][268]CompilerResultsLog:    C:\Development\p9examples\CaptFunctionalUnreal\Source\CaptFunctionalUnreal\CaptainFunctionalPawn.cpp(36) : error C2672: 'UInputComponent::BindAction': no matching overloaded function found
[2018.09.24-11.07.02:921][268]CompilerResultsLog:    C:\Development\p9examples\CaptFunctionalUnreal\Source\CaptFunctionalUnreal\CaptainFunctionalPawn.cpp(37) : error C3867: 'ACaptainFunctionalPawn::MoveRight': non-standard syntax; use '&' to create a pointer to member
[2018.09.24-11.07.02:921][268]CompilerResultsLog:    C:\Development\p9examples\CaptFunctionalUnreal\Source\CaptFunctionalUnreal\CaptainFunctionalPawn.cpp(37) : error C2672: 'UInputComponent::BindAction': no matching overloaded function found
[2018.09.24-11.07.02:921][268]CompilerResultsLog:    C:\Development\p9examples\CaptFunctionalUnreal\Source\CaptFunctionalUnreal\CaptainFunctionalPawn.cpp(38) : error C3867: 'ACaptainFunctionalPawn::MoveLeft': non-standard syntax; use '&' to create a pointer to member
[2018.09.24-11.07.02:921][268]CompilerResultsLog:    C:\Development\p9examples\CaptFunctionalUnreal\Source\CaptFunctionalUnreal\CaptainFunctionalPawn.cpp(38) : error C2672: 'UInputComponent::BindAction': no matching overloaded function found
[2018.09.24-11.07.02:921][268]CompilerResultsLog:    C:\Development\p9examples\CaptFunctionalUnreal\Source\CaptFunctionalUnreal\CaptainFunctionalPawn.cpp(39) : error C3867: 'ACaptainFunctionalPawn::Attack': non-standard syntax; use '&' to create a pointer to member
[2018.09.24-11.07.02:921][268]CompilerResultsLog:    C:\Development\p9examples\CaptFunctionalUnreal\Source\CaptFunctionalUnreal\CaptainFunctionalPawn.cpp(39) : error C2672: 'UInputComponent::BindAction': no matching overloaded function found
[2018.09.24-11.07.02:921][268]CompilerResultsLog: ERROR: UBT ERROR: Failed to produce item: C:\Development\p9examples\CaptFunctionalUnreal\Binaries\Win64\UE4Editor-CaptFunctionalUnreal-6073.dll
[2018.09.24-11.07.02:921][268]CompilerResultsLog:        (see ../Programs/UnrealBuildTool/Log.txt for full exception trace)
[2018.09.24-11.07.02:921][268]CompilerResultsLog: Total build time: 6,07 seconds (Parallel executor: 0,00 seconds)
[2018.09.24-11.07.02:921][268]LogMainFrame: MainFrame: Module compiling took 6.473 seconds
[2018.09.24-11.07.02:921][268]Warning: HotReload failed, recompile failed
[2018.09.24-11.08.10:324][918]LogSlate: Window 'Message Log' being destroyed
[2018.09.24-11.08.10:356][918]LogSlate: Window 'Message Log' being destroyed
[2018.09.24-11.08.11:364][966]Candidate modules for hot reload:
[2018.09.24-11.08.11:364][966]  CaptFunctionalUnreal
[2018.09.24-11.08.11:365][966]Launching UnrealBuildTool... [C:/Program Files/Epic Games/UE_4.20/Engine/Binaries/DotNET/UnrealBuildTool.exe  -ModuleWithSuffix=CaptFunctionalUnreal,6728 Win64 Development -TargetType=Editor -Project="../../../../../../Development/p9examples/CaptFunctionalUnreal/CaptFunctionalUnreal.uproject" -canskiplink -nosharedpch "C:/Development/p9examples/CaptFunctionalUnreal/CaptFunctionalUnreal.uproject" ]
[2018.09.24-11.08.11:376][966]Warning: Starting HotReload took  0.0s.
[2018.09.24-11.08.16:740][201]CompilerResultsLog: New page: Compilation - Sep 24, 2018, 3:08:16 PM
[2018.09.24-11.08.16:740][201]CompilerResultsLog: Using 'git status' to determine working set for adaptive non-unity build.
[2018.09.24-11.08.16:740][201]CompilerResultsLog: Compiling game modules for hot reload
[2018.09.24-11.08.16:740][201]CompilerResultsLog: Building 3 actions with 4 processes...
[2018.09.24-11.08.16:740][201]CompilerResultsLog:   [1/3] CaptainFunctionalPawn.cpp
[2018.09.24-11.08.16:740][201]CompilerResultsLog:    C:\Development\p9examples\CaptFunctionalUnreal\Source\CaptFunctionalUnreal\CaptainFunctionalPawn.cpp(36) : error C3867: 'ACaptainFunctionalPawn::MoveDown': non-standard syntax; use '&' to create a pointer to member
[2018.09.24-11.08.16:740][201]CompilerResultsLog:    C:\Development\p9examples\CaptFunctionalUnreal\Source\CaptFunctionalUnreal\CaptainFunctionalPawn.cpp(36) : error C2672: 'UInputComponent::BindAction': no matching overloaded function found
[2018.09.24-11.08.16:740][201]CompilerResultsLog:    C:\Development\p9examples\CaptFunctionalUnreal\Source\CaptFunctionalUnreal\CaptainFunctionalPawn.cpp(37) : error C3867: 'ACaptainFunctionalPawn::MoveRight': non-standard syntax; use '&' to create a pointer to member
[2018.09.24-11.08.16:740][201]CompilerResultsLog:    C:\Development\p9examples\CaptFunctionalUnreal\Source\CaptFunctionalUnreal\CaptainFunctionalPawn.cpp(37) : error C2672: 'UInputComponent::BindAction': no matching overloaded function found
[2018.09.24-11.08.16:740][201]CompilerResultsLog:    C:\Development\p9examples\CaptFunctionalUnreal\Source\CaptFunctionalUnreal\CaptainFunctionalPawn.cpp(38) : error C3867: 'ACaptainFunctionalPawn::MoveLeft': non-standard syntax; use '&' to create a pointer to member
[2018.09.24-11.08.16:740][201]CompilerResultsLog:    C:\Development\p9examples\CaptFunctionalUnreal\Source\CaptFunctionalUnreal\CaptainFunctionalPawn.cpp(38) : error C2672: 'UInputComponent::BindAction': no matching overloaded function found
[2018.09.24-11.08.16:740][201]CompilerResultsLog:    C:\Development\p9examples\CaptFunctionalUnreal\Source\CaptFunctionalUnreal\CaptainFunctionalPawn.cpp(39) : error C3867: 'ACaptainFunctionalPawn::Attack': non-standard syntax; use '&' to create a pointer to member
[2018.09.24-11.08.16:740][201]CompilerResultsLog:    C:\Development\p9examples\CaptFunctionalUnreal\Source\CaptFunctionalUnreal\CaptainFunctionalPawn.cpp(39) : error C2672: 'UInputComponent::BindAction': no matching overloaded function found
[2018.09.24-11.08.16:740][201]CompilerResultsLog: ERROR: UBT ERROR: Failed to produce item: C:\Development\p9examples\CaptFunctionalUnreal\Binaries\Win64\UE4Editor-CaptFunctionalUnreal-6728.dll
[2018.09.24-11.08.16:740][201]CompilerResultsLog:        (see ../Programs/UnrealBuildTool/Log.txt for full exception trace)
[2018.09.24-11.08.16:740][201]CompilerResultsLog: Total build time: 5,06 seconds (Parallel executor: 0,00 seconds)
[2018.09.24-11.08.16:740][201]LogMainFrame: MainFrame: Module compiling took 5.385 seconds
[2018.09.24-11.08.16:740][201]Warning: HotReload failed, recompile failed
[2018.09.24-11.08.48:454][869]LogSlate: Window 'Message Log' being destroyed
[2018.09.24-11.08.48:485][869]LogSlate: Window 'Message Log' being destroyed
[2018.09.24-11.08.49:406][907]Candidate modules for hot reload:
[2018.09.24-11.08.49:406][907]  CaptFunctionalUnreal
[2018.09.24-11.08.49:406][907]Launching UnrealBuildTool... [C:/Program Files/Epic Games/UE_4.20/Engine/Binaries/DotNET/UnrealBuildTool.exe  -ModuleWithSuffix=CaptFunctionalUnreal,7304 Win64 Development -TargetType=Editor -Project="../../../../../../Development/p9examples/CaptFunctionalUnreal/CaptFunctionalUnreal.uproject" -canskiplink -nosharedpch "C:/Development/p9examples/CaptFunctionalUnreal/CaptFunctionalUnreal.uproject" ]
[2018.09.24-11.08.49:417][907]Warning: Starting HotReload took  0.0s.
[2018.09.24-11.08.57:766][440]CompilerResultsLog: New page: Compilation - Sep 24, 2018, 3:08:57 PM
[2018.09.24-11.08.57:766][440]CompilerResultsLog: Using 'git status' to determine working set for adaptive non-unity build.
[2018.09.24-11.08.57:766][440]CompilerResultsLog: Compiling game modules for hot reload
[2018.09.24-11.08.57:767][440]CompilerResultsLog: Building 3 actions with 4 processes...
[2018.09.24-11.08.57:767][440]CompilerResultsLog:   [1/3] CaptainFunctionalPawn.cpp
[2018.09.24-11.08.57:767][440]CompilerResultsLog:   [2/3] UE4Editor-CaptFunctionalUnreal-7304.lib
[2018.09.24-11.08.57:767][440]CompilerResultsLog:      Creating library C:\Development\p9examples\CaptFunctionalUnreal\Intermediate\Build\Win64\UE4Editor\Development\CaptFunctionalUnreal\UE4Editor-CaptFunctionalUnreal-7304.lib and object C:\Development\p9examples\CaptFunctionalUnreal\Intermediate\Build\Win64\UE4Editor\Development\CaptFunctionalUnreal\UE4Editor-CaptFunctionalUnreal-7304.exp
[2018.09.24-11.08.57:767][440]CompilerResultsLog:   [3/3] UE4Editor-CaptFunctionalUnreal-7304.dll
[2018.09.24-11.08.57:767][440]CompilerResultsLog:      Creating library C:\Development\p9examples\CaptFunctionalUnreal\Intermediate\Build\Win64\UE4Editor\Development\CaptFunctionalUnreal\UE4Editor-CaptFunctionalUnreal-7304.suppressed.lib and object C:\Development\p9examples\CaptFunctionalUnreal\Intermediate\Build\Win64\UE4Editor\Development\CaptFunctionalUnreal\UE4Editor-CaptFunctionalUnreal-7304.suppressed.exp
[2018.09.24-11.08.57:767][440]CompilerResultsLog: Error:   CaptainFunctionalPawn.cpp.obj : error LNK2019: unresolved external symbol "private: void __cdecl ACaptainFunctionalPawn::InputSetup(void)" (?InputSetup@ACaptainFunctionalPawn@@AEAAXXZ) referenced in function "protected: virtual void __cdecl ACaptainFunctionalPawn::BeginPlay(void)" (?BeginPlay@ACaptainFunctionalPawn@@MEAAXXZ)
[2018.09.24-11.08.57:767][440]CompilerResultsLog: Error:   C:\Development\p9examples\CaptFunctionalUnreal\Binaries\Win64\UE4Editor-CaptFunctionalUnreal-7304.dll : fatal error LNK1120: 1 unresolved externals
[2018.09.24-11.08.57:767][440]CompilerResultsLog: ERROR: UBT ERROR: Failed to produce item: C:\Development\p9examples\CaptFunctionalUnreal\Binaries\Win64\UE4Editor-CaptFunctionalUnreal-7304.dll
[2018.09.24-11.08.57:767][440]CompilerResultsLog:        (see ../Programs/UnrealBuildTool/Log.txt for full exception trace)
[2018.09.24-11.08.57:767][440]CompilerResultsLog: Total build time: 8,00 seconds (Parallel executor: 0,00 seconds)
[2018.09.24-11.08.57:767][440]LogMainFrame: MainFrame: Module compiling took 8.384 seconds
[2018.09.24-11.08.57:767][440]Warning: HotReload failed, recompile failed
[2018.09.24-11.08.59:541][507]LogSlate: Only BGRA pngs, bmps or icos are supported in by External Image Picker
[2018.09.24-11.08.59:632][508]LogTemp: Executing iPhonePackager certificates Engine -bundlename com.YourCompany.CaptFunctionalUnreal
[2018.09.24-11.08.59:632][508]LogTemp: CWD: C:\Program Files\Epic Games\UE_4.20\Engine\Binaries\DotNET\IOS
[2018.09.24-11.08.59:632][508]LogTemp: Initial Dir: C:\Program Files\Epic Games\UE_4.20
[2018.09.24-11.08.59:632][508]LogTemp: Env CWD: C:\Program Files\Epic Games\UE_4.20\Engine\Binaries\DotNET\IOS
[2018.09.24-11.08.59:632][508]LogTemp: BranchPath = DESKTOP-TGENN00/C/Program Files/Epic Games/UE_4.20/Engine/Binaries --- GameBranchPath = DESKTOP-TGENN00/C/Program Files/Epic Games/UE_4.20/Engine/Binaries
[2018.09.24-11.08.59:632][508]LogTemp: IPP ERROR: Could not find provision directory 'C:\Users\Frederik Palmelund\AppData\Local/Apple Computer/MobileDevice/Provisioning Profiles/'.
[2018.09.24-11.10.18:029][103]LogSlate: Window 'Project Settings' being destroyed
[2018.09.24-11.10.18:041][103]LogSlate: Window 'Project Settings' being destroyed
[2018.09.24-11.10.22:851][161]LogSlate: Window 'Save Level As' being destroyed
[2018.09.24-11.10.26:559][334]Candidate modules for hot reload:
[2018.09.24-11.10.26:559][334]  CaptFunctionalUnreal
[2018.09.24-11.10.26:559][334]Launching UnrealBuildTool... [C:/Program Files/Epic Games/UE_4.20/Engine/Binaries/DotNET/UnrealBuildTool.exe  -ModuleWithSuffix=CaptFunctionalUnreal,5108 Win64 Development -TargetType=Editor -Project="../../../../../../Development/p9examples/CaptFunctionalUnreal/CaptFunctionalUnreal.uproject" -canskiplink -nosharedpch "C:/Development/p9examples/CaptFunctionalUnreal/CaptFunctionalUnreal.uproject" ]
[2018.09.24-11.10.26:570][334]Warning: Starting HotReload took  0.0s.
[2018.09.24-11.10.33:226][646]CompilerResultsLog: New page: Compilation - Sep 24, 2018, 3:10:33 PM
[2018.09.24-11.10.33:226][646]CompilerResultsLog: Using 'git status' to determine working set for adaptive non-unity build.
[2018.09.24-11.10.33:226][646]CompilerResultsLog: Creating makefile for hot reloading CaptFunctionalUnrealEditor (ini files are newer than UBTMakefile)
[2018.09.24-11.10.33:226][646]CompilerResultsLog: Compiling game modules for hot reload
[2018.09.24-11.10.33:226][646]CompilerResultsLog: Using Visual Studio 2017 14.15.26726 toolchain (C:\Program Files (x86)\Microsoft Visual Studio\2017\Enterprise\VC\Tools\MSVC\14.15.26726) and Windows 10.0.17134.0 SDK (C:\Program Files (x86)\Windows Kits\10).
[2018.09.24-11.10.33:226][646]CompilerResultsLog: Building 1 action with 4 processes...
[2018.09.24-11.10.33:226][646]CompilerResultsLog:   [1/1] UE4Editor-CaptFunctionalUnreal-5108.dll
[2018.09.24-11.10.33:226][646]CompilerResultsLog:      Creating library C:\Development\p9examples\CaptFunctionalUnreal\Intermediate\Build\Win64\UE4Editor\Development\CaptFunctionalUnreal\UE4Editor-CaptFunctionalUnreal-5108.suppressed.lib and object C:\Development\p9examples\CaptFunctionalUnreal\Intermediate\Build\Win64\UE4Editor\Development\CaptFunctionalUnreal\UE4Editor-CaptFunctionalUnreal-5108.suppressed.exp
[2018.09.24-11.10.33:226][646]CompilerResultsLog: Error:   CaptainFunctionalPawn.cpp.obj : error LNK2019: unresolved external symbol "private: void __cdecl ACaptainFunctionalPawn::InputSetup(void)" (?InputSetup@ACaptainFunctionalPawn@@AEAAXXZ) referenced in function "protected: virtual void __cdecl ACaptainFunctionalPawn::BeginPlay(void)" (?BeginPlay@ACaptainFunctionalPawn@@MEAAXXZ)
[2018.09.24-11.10.33:226][646]CompilerResultsLog: Error:   C:\Development\p9examples\CaptFunctionalUnreal\Binaries\Win64\UE4Editor-CaptFunctionalUnreal-5108.dll : fatal error LNK1120: 1 unresolved externals
[2018.09.24-11.10.33:226][646]CompilerResultsLog: ERROR: UBT ERROR: Failed to produce item: C:\Development\p9examples\CaptFunctionalUnreal\Binaries\Win64\UE4Editor-CaptFunctionalUnreal-5108.dll
[2018.09.24-11.10.33:226][646]CompilerResultsLog:        (see ../Programs/UnrealBuildTool/Log.txt for full exception trace)
[2018.09.24-11.10.33:226][646]CompilerResultsLog: Total build time: 6,35 seconds (Parallel executor: 0,00 seconds)
[2018.09.24-11.10.33:226][646]LogMainFrame: MainFrame: Module compiling took 6.676 seconds
[2018.09.24-11.10.33:226][646]Warning: HotReload failed, recompile failed
[2018.09.24-11.11.33:242][ 38]Candidate modules for hot reload:
[2018.09.24-11.11.33:242][ 38]  CaptFunctionalUnreal
[2018.09.24-11.11.33:242][ 38]Launching UnrealBuildTool... [C:/Program Files/Epic Games/UE_4.20/Engine/Binaries/DotNET/UnrealBuildTool.exe  -ModuleWithSuffix=CaptFunctionalUnreal,9724 Win64 Development -TargetType=Editor -Project="../../../../../../Development/p9examples/CaptFunctionalUnreal/CaptFunctionalUnreal.uproject" -canskiplink -nosharedpch "C:/Development/p9examples/CaptFunctionalUnreal/CaptFunctionalUnreal.uproject" ]
[2018.09.24-11.11.33:252][ 38]Warning: Starting HotReload took  0.0s.
[2018.09.24-11.11.35:674][154]CompilerResultsLog: New page: Compilation - Sep 24, 2018, 3:11:35 PM
[2018.09.24-11.11.35:674][154]CompilerResultsLog: Using 'git status' to determine working set for adaptive non-unity build.
[2018.09.24-11.11.35:674][154]CompilerResultsLog: Compiling game modules for hot reload
[2018.09.24-11.11.35:674][154]CompilerResultsLog: Building 1 action with 4 processes...
[2018.09.24-11.11.35:674][154]CompilerResultsLog:   [1/1] UE4Editor-CaptFunctionalUnreal-9724.dll
[2018.09.24-11.11.35:674][154]CompilerResultsLog:      Creating library C:\Development\p9examples\CaptFunctionalUnreal\Intermediate\Build\Win64\UE4Editor\Development\CaptFunctionalUnreal\UE4Editor-CaptFunctionalUnreal-9724.suppressed.lib and object C:\Development\p9examples\CaptFunctionalUnreal\Intermediate\Build\Win64\UE4Editor\Development\CaptFunctionalUnreal\UE4Editor-CaptFunctionalUnreal-9724.suppressed.exp
[2018.09.24-11.11.35:675][154]CompilerResultsLog: Error:   CaptainFunctionalPawn.cpp.obj : error LNK2019: unresolved external symbol "private: void __cdecl ACaptainFunctionalPawn::InputSetup(void)" (?InputSetup@ACaptainFunctionalPawn@@AEAAXXZ) referenced in function "protected: virtual void __cdecl ACaptainFunctionalPawn::BeginPlay(void)" (?BeginPlay@ACaptainFunctionalPawn@@MEAAXXZ)
[2018.09.24-11.11.35:675][154]CompilerResultsLog: Error:   C:\Development\p9examples\CaptFunctionalUnreal\Binaries\Win64\UE4Editor-CaptFunctionalUnreal-9724.dll : fatal error LNK1120: 1 unresolved externals
[2018.09.24-11.11.35:675][154]CompilerResultsLog: ERROR: UBT ERROR: Failed to produce item: C:\Development\p9examples\CaptFunctionalUnreal\Binaries\Win64\UE4Editor-CaptFunctionalUnreal-9724.dll
[2018.09.24-11.11.35:675][154]CompilerResultsLog:        (see ../Programs/UnrealBuildTool/Log.txt for full exception trace)
[2018.09.24-11.11.35:675][154]CompilerResultsLog: Total build time: 2,12 seconds (Parallel executor: 0,00 seconds)
[2018.09.24-11.11.35:675][154]LogMainFrame: MainFrame: Module compiling took 2.440 seconds
[2018.09.24-11.11.35:675][154]Warning: HotReload failed, recompile failed
[2018.09.24-11.12.32:557][488]LogSlate: Window 'Message Log' being destroyed
[2018.09.24-11.12.32:568][488]LogSlate: Window 'Message Log' being destroyed
[2018.09.24-11.12.39:235][612]Candidate modules for hot reload:
[2018.09.24-11.12.39:235][612]  CaptFunctionalUnreal
[2018.09.24-11.12.39:235][612]Launching UnrealBuildTool... [C:/Program Files/Epic Games/UE_4.20/Engine/Binaries/DotNET/UnrealBuildTool.exe  -ModuleWithSuffix=CaptFunctionalUnreal,2138 Win64 Development -TargetType=Editor -Project="../../../../../../Development/p9examples/CaptFunctionalUnreal/CaptFunctionalUnreal.uproject" -canskiplink -nosharedpch "C:/Development/p9examples/CaptFunctionalUnreal/CaptFunctionalUnreal.uproject" ]
[2018.09.24-11.12.39:248][612]Warning: Starting HotReload took  0.0s.
[2018.09.24-11.12.44:525][838]CompilerResultsLog: New page: Compilation - Sep 24, 2018, 3:12:44 PM
[2018.09.24-11.12.44:525][838]CompilerResultsLog: Using 'git status' to determine working set for adaptive non-unity build.
[2018.09.24-11.12.44:525][838]CompilerResultsLog: Compiling game modules for hot reload
[2018.09.24-11.12.44:525][838]CompilerResultsLog: Building 3 actions with 4 processes...
[2018.09.24-11.12.44:525][838]CompilerResultsLog:   [1/3] CaptainFunctionalPawn.cpp
[2018.09.24-11.12.44:525][838]CompilerResultsLog:    C:\Development\p9examples\CaptFunctionalUnreal\Source\CaptFunctionalUnreal\CaptainFunctionalPawn.cpp(34) : error C2027: use of undefined type 'UInputComponent'
[2018.09.24-11.12.44:525][838]CompilerResultsLog:   C:\Program Files\Epic Games\UE_4.20\Engine\Source\Runtime\Engine\Classes\GameFramework/Pawn.h(22): note: see declaration of 'UInputComponent'
[2018.09.24-11.12.44:525][838]CompilerResultsLog:    C:\Development\p9examples\CaptFunctionalUnreal\Source\CaptFunctionalUnreal\CaptainFunctionalPawn.cpp(35) : error C2027: use of undefined type 'UInputComponent'
[2018.09.24-11.12.44:525][838]CompilerResultsLog:   C:\Program Files\Epic Games\UE_4.20\Engine\Source\Runtime\Engine\Classes\GameFramework/Pawn.h(22): note: see declaration of 'UInputComponent'
[2018.09.24-11.12.44:525][838]CompilerResultsLog:    C:\Development\p9examples\CaptFunctionalUnreal\Source\CaptFunctionalUnreal\CaptainFunctionalPawn.cpp(36) : error C2027: use of undefined type 'UInputComponent'
[2018.09.24-11.12.44:525][838]CompilerResultsLog:   C:\Program Files\Epic Games\UE_4.20\Engine\Source\Runtime\Engine\Classes\GameFramework/Pawn.h(22): note: see declaration of 'UInputComponent'
[2018.09.24-11.12.44:525][838]CompilerResultsLog:    C:\Development\p9examples\CaptFunctionalUnreal\Source\CaptFunctionalUnreal\CaptainFunctionalPawn.cpp(37) : error C2027: use of undefined type 'UInputComponent'
[2018.09.24-11.12.44:525][838]CompilerResultsLog:   C:\Program Files\Epic Games\UE_4.20\Engine\Source\Runtime\Engine\Classes\GameFramework/Pawn.h(22): note: see declaration of 'UInputComponent'
[2018.09.24-11.12.44:525][838]CompilerResultsLog:    C:\Development\p9examples\CaptFunctionalUnreal\Source\CaptFunctionalUnreal\CaptainFunctionalPawn.cpp(38) : error C2027: use of undefined type 'UInputComponent'
[2018.09.24-11.12.44:525][838]CompilerResultsLog:   C:\Program Files\Epic Games\UE_4.20\Engine\Source\Runtime\Engine\Classes\GameFramework/Pawn.h(22): note: see declaration of 'UInputComponent'
[2018.09.24-11.12.44:525][838]CompilerResultsLog: ERROR: UBT ERROR: Failed to produce item: C:\Development\p9examples\CaptFunctionalUnreal\Binaries\Win64\UE4Editor-CaptFunctionalUnreal-2138.dll
[2018.09.24-11.12.44:525][838]CompilerResultsLog:        (see ../Programs/UnrealBuildTool/Log.txt for full exception trace)
[2018.09.24-11.12.44:525][838]CompilerResultsLog: Total build time: 4,98 seconds (Parallel executor: 0,00 seconds)
[2018.09.24-11.12.44:525][838]LogMainFrame: MainFrame: Module compiling took 5.314 seconds
[2018.09.24-11.12.44:526][838]Warning: HotReload failed, recompile failed
[2018.09.24-11.13.29:376][447]LogSlate: Window 'Message Log' being destroyed
[2018.09.24-11.13.29:405][447]LogSlate: Window 'Message Log' being destroyed
[2018.09.24-11.13.31:244][546]Candidate modules for hot reload:
[2018.09.24-11.13.31:245][546]  CaptFunctionalUnreal
[2018.09.24-11.13.31:245][546]Launching UnrealBuildTool... [C:/Program Files/Epic Games/UE_4.20/Engine/Binaries/DotNET/UnrealBuildTool.exe  -ModuleWithSuffix=CaptFunctionalUnreal,9115 Win64 Development -TargetType=Editor -Project="../../../../../../Development/p9examples/CaptFunctionalUnreal/CaptFunctionalUnreal.uproject" -canskiplink -nosharedpch "C:/Development/p9examples/CaptFunctionalUnreal/CaptFunctionalUnreal.uproject" ]
[2018.09.24-11.13.31:257][546]Warning: Starting HotReload took  0.0s.
[2018.09.24-11.13.52:423][567]CompilerResultsLog: New page: Compilation - Sep 24, 2018, 3:13:52 PM
[2018.09.24-11.13.52:423][567]CompilerResultsLog: Using 'git status' to determine working set for adaptive non-unity build.
[2018.09.24-11.13.52:423][567]CompilerResultsLog: Compiling game modules for hot reload
[2018.09.24-11.13.52:423][567]CompilerResultsLog: Parsing headers for CaptFunctionalUnrealEditor
[2018.09.24-11.13.52:423][567]CompilerResultsLog:   Running UnrealHeaderTool "C:\Development\p9examples\CaptFunctionalUnreal\CaptFunctionalUnreal.uproject" "C:\Development\p9examples\CaptFunctionalUnreal\Intermediate\Build\Win64\CaptFunctionalUnrealEditor\Development\CaptFunctionalUnrealEditor.uhtmanifest" -LogCmds="loginit warning, logexit warning, logdatabase error" -Unattended -WarningsAsErrors -installed
[2018.09.24-11.13.52:423][567]CompilerResultsLog: Reflection code generated for CaptFunctionalUnrealEditor in 12,3988043 seconds
[2018.09.24-11.13.52:423][567]CompilerResultsLog: Building 4 actions with 4 processes...
[2018.09.24-11.13.52:423][567]CompilerResultsLog:   [1/4] CaptainFunctionalPawn.gen.cpp
[2018.09.24-11.13.52:423][567]CompilerResultsLog:   [2/4] CaptainFunctionalPawn.cpp
[2018.09.24-11.13.52:423][567]CompilerResultsLog:   [3/4] UE4Editor-CaptFunctionalUnreal-9115.lib
[2018.09.24-11.13.52:423][567]CompilerResultsLog:      Creating library C:\Development\p9examples\CaptFunctionalUnreal\Intermediate\Build\Win64\UE4Editor\Development\CaptFunctionalUnreal\UE4Editor-CaptFunctionalUnreal-9115.lib and object C:\Development\p9examples\CaptFunctionalUnreal\Intermediate\Build\Win64\UE4Editor\Development\CaptFunctionalUnreal\UE4Editor-CaptFunctionalUnreal-9115.exp
[2018.09.24-11.13.52:423][567]CompilerResultsLog:   [4/4] UE4Editor-CaptFunctionalUnreal-9115.dll
[2018.09.24-11.13.52:423][567]CompilerResultsLog:      Creating library C:\Development\p9examples\CaptFunctionalUnreal\Intermediate\Build\Win64\UE4Editor\Development\CaptFunctionalUnreal\UE4Editor-CaptFunctionalUnreal-9115.suppressed.lib and object C:\Development\p9examples\CaptFunctionalUnreal\Intermediate\Build\Win64\UE4Editor\Development\CaptFunctionalUnreal\UE4Editor-CaptFunctionalUnreal-9115.suppressed.exp
[2018.09.24-11.13.52:423][567]CompilerResultsLog: Error:   CaptainFunctionalPawn.cpp.obj : error LNK2019: unresolved external symbol "private: void __cdecl ACaptainFunctionalPawn::InputSetup(void)" (?InputSetup@ACaptainFunctionalPawn@@AEAAXXZ) referenced in function "protected: virtual void __cdecl ACaptainFunctionalPawn::BeginPlay(void)" (?BeginPlay@ACaptainFunctionalPawn@@MEAAXXZ)
[2018.09.24-11.13.52:423][567]CompilerResultsLog: Error:   C:\Development\p9examples\CaptFunctionalUnreal\Binaries\Win64\UE4Editor-CaptFunctionalUnreal-9115.dll : fatal error LNK1120: 1 unresolved externals
[2018.09.24-11.13.52:423][567]CompilerResultsLog: ERROR: UBT ERROR: Failed to produce item: C:\Development\p9examples\CaptFunctionalUnreal\Binaries\Win64\UE4Editor-CaptFunctionalUnreal-9115.dll
[2018.09.24-11.13.52:423][567]CompilerResultsLog:        (see ../Programs/UnrealBuildTool/Log.txt for full exception trace)
[2018.09.24-11.13.52:423][567]CompilerResultsLog: Total build time: 20,85 seconds (Parallel executor: 0,00 seconds)
[2018.09.24-11.13.52:423][567]LogMainFrame: MainFrame: Module compiling took 21.189 seconds
[2018.09.24-11.13.52:424][567]Warning: HotReload failed, recompile failed
[2018.09.24-11.19.05:633][890]LogSlate: Window 'Message Log' being destroyed
[2018.09.24-11.19.05:634][890]LogSlate: Window 'Message Log' being destroyed
[2018.09.24-11.19.10:421][248]Running C:/Program Files/Epic Games/UE_4.20/Engine/Binaries/DotNET/UnrealBuildTool.exe  -projectfiles -project="C:/Development/p9examples/CaptFunctionalUnreal/CaptFunctionalUnreal.uproject" -game -rocket -progress
[2018.09.24-11.19.10:736][248]Discovering modules, targets and source code for project...
[2018.09.24-11.19.12:548][248]C:\Program Files\Epic Games\UE_4.20\Engine\Source\ThirdParty\Expat\Expat.Build.cs: warning: Referenced directory 'C:\Program Files\Epic Games\UE_4.20\Engine\Source\ThirdParty\Expat\expat-2.2.0\Win64\VS2015\Release' does not exist.
[2018.09.24-11.19.21:829][559]LogVSAccessor: Warning: Couldn't access Visual Studio
[2018.09.24-11.19.21:838][559]Candidate modules for hot reload:
[2018.09.24-11.19.21:838][559]  CaptFunctionalUnreal
[2018.09.24-11.19.21:838][559]Launching UnrealBuildTool... [C:/Program Files/Epic Games/UE_4.20/Engine/Binaries/DotNET/UnrealBuildTool.exe  -ModuleWithSuffix=CaptFunctionalUnreal,6282 Win64 Development -TargetType=Editor -Project="../../../../../../Development/p9examples/CaptFunctionalUnreal/CaptFunctionalUnreal.uproject" -canskiplink -nosharedpch "C:/Development/p9examples/CaptFunctionalUnreal/CaptFunctionalUnreal.uproject" ]
[2018.09.24-11.19.21:848][559]Warning: Starting HotReload took  0.0s.
[2018.09.24-11.19.41:863][510]CompilerResultsLog: New page: Compilation - Sep 24, 2018, 3:19:41 PM
[2018.09.24-11.19.41:863][510]CompilerResultsLog: Using 'git status' to determine working set for adaptive non-unity build.
[2018.09.24-11.19.41:863][510]CompilerResultsLog: Compiling game modules for hot reload
[2018.09.24-11.19.41:863][510]CompilerResultsLog: Parsing headers for CaptFunctionalUnrealEditor
[2018.09.24-11.19.41:863][510]CompilerResultsLog:   Running UnrealHeaderTool "C:\Development\p9examples\CaptFunctionalUnreal\CaptFunctionalUnreal.uproject" "C:\Development\p9examples\CaptFunctionalUnreal\Intermediate\Build\Win64\CaptFunctionalUnrealEditor\Development\CaptFunctionalUnrealEditor.uhtmanifest" -LogCmds="loginit warning, logexit warning, logdatabase error" -Unattended -WarningsAsErrors -installed
[2018.09.24-11.19.41:863][510]CompilerResultsLog: Reflection code generated for CaptFunctionalUnrealEditor in 12,1064554 seconds
[2018.09.24-11.19.41:863][510]CompilerResultsLog: Building 4 actions with 4 processes...
[2018.09.24-11.19.41:863][510]CompilerResultsLog:   [1/4] CaptainFunctionalPawn.gen.cpp
[2018.09.24-11.19.41:863][510]CompilerResultsLog:   [2/4] CaptainFunctionalPawn.cpp
[2018.09.24-11.19.41:863][510]CompilerResultsLog:   [3/4] UE4Editor-CaptFunctionalUnreal-6282.lib
[2018.09.24-11.19.41:863][510]CompilerResultsLog:      Creating library C:\Development\p9examples\CaptFunctionalUnreal\Intermediate\Build\Win64\UE4Editor\Development\CaptFunctionalUnreal\UE4Editor-CaptFunctionalUnreal-6282.lib and object C:\Development\p9examples\CaptFunctionalUnreal\Intermediate\Build\Win64\UE4Editor\Development\CaptFunctionalUnreal\UE4Editor-CaptFunctionalUnreal-6282.exp
[2018.09.24-11.19.41:863][510]CompilerResultsLog:   [4/4] UE4Editor-CaptFunctionalUnreal-6282.dll
[2018.09.24-11.19.41:863][510]CompilerResultsLog:      Creating library C:\Development\p9examples\CaptFunctionalUnreal\Intermediate\Build\Win64\UE4Editor\Development\CaptFunctionalUnreal\UE4Editor-CaptFunctionalUnreal-6282.suppressed.lib and object C:\Development\p9examples\CaptFunctionalUnreal\Intermediate\Build\Win64\UE4Editor\Development\CaptFunctionalUnreal\UE4Editor-CaptFunctionalUnreal-6282.suppressed.exp
[2018.09.24-11.19.41:863][510]CompilerResultsLog: Error:   CaptainFunctionalPawn.cpp.obj : error LNK2019: unresolved external symbol "private: void __cdecl ACaptainFunctionalPawn::InputSetup(void)" (?InputSetup@ACaptainFunctionalPawn@@AEAAXXZ) referenced in function "protected: virtual void __cdecl ACaptainFunctionalPawn::BeginPlay(void)" (?BeginPlay@ACaptainFunctionalPawn@@MEAAXXZ)
[2018.09.24-11.19.41:863][510]CompilerResultsLog: Error:   C:\Development\p9examples\CaptFunctionalUnreal\Binaries\Win64\UE4Editor-CaptFunctionalUnreal-6282.dll : fatal error LNK1120: 1 unresolved externals
[2018.09.24-11.19.41:863][510]CompilerResultsLog: ERROR: UBT ERROR: Failed to produce item: C:\Development\p9examples\CaptFunctionalUnreal\Binaries\Win64\UE4Editor-CaptFunctionalUnreal-6282.dll
[2018.09.24-11.19.41:864][510]CompilerResultsLog:        (see ../Programs/UnrealBuildTool/Log.txt for full exception trace)
[2018.09.24-11.19.41:864][510]CompilerResultsLog: Total build time: 19,73 seconds (Parallel executor: 0,00 seconds)
[2018.09.24-11.19.41:864][510]LogMainFrame: MainFrame: Module compiling took 20.036 seconds
[2018.09.24-11.19.41:864][510]Warning: HotReload failed, recompile failed
[2018.09.24-11.20.04:981][601]LogSlate: Window 'Message Log' being destroyed
[2018.09.24-11.20.04:992][601]LogSlate: Window 'Message Log' being destroyed
[2018.09.24-11.22.49:518][312]LogTemp: Repeating last play command: Selected Viewport
[2018.09.24-11.22.49:536][312]LogPlayLevel: PlayLevel: No blueprints needed recompiling
[2018.09.24-11.22.49:550][312]PIE: New page: PIE session: Untitled_1 (Sep 24, 2018, 3:22:49 PM)
[2018.09.24-11.22.49:550][312]LogPlayLevel: Creating play world package: /Temp/UEDPIE_0_Untitled_1
[2018.09.24-11.22.49:558][312]LogPlayLevel: PIE: StaticDuplicateObject took: (0.007609s)
[2018.09.24-11.22.49:560][312]LogAIModule: Creating AISystem for world Untitled_1
[2018.09.24-11.22.49:560][312]LogPlayLevel: PIE: World Init took: (0.002095s)
[2018.09.24-11.22.49:560][312]LogPlayLevel: PIE: Created PIE world by copying editor world from /Temp/Untitled_1.Untitled_1 to /Temp/UEDPIE_0_Untitled_1.Untitled_1 (0.010084s)
[2018.09.24-11.22.49:613][312]LogInit: XAudio2 using 'Speaker/Headphone (Realtek High Definition Audio)' : 2 channels at 48 kHz using 32 bits per sample (channel mask 0x3)
[2018.09.24-11.22.49:631][312]LogInit: FAudioDevice initialized.
[2018.09.24-11.22.49:673][312]LogLoad: Game class is 'GameModeBase'
[2018.09.24-11.22.49:675][312]LogWorld: Bringing World /Temp/UEDPIE_0_Untitled_1.Untitled_1 up for play (max tick rate 0) at 2018.09.24-13.22.49
[2018.09.24-11.22.49:676][312]LogWorld: Bringing up level for play took: 0.001111
[2018.09.24-11.22.49:709][312]LogContentBrowser: Native class hierarchy updated for 'MovieSceneCapture' in 0.0007 seconds. Added 10 classes and 0 folders.
[2018.09.24-11.22.49:710][312]PIE: Play in editor start time for /Temp/UEDPIE_0_Untitled_1 0.687
[2018.09.24-11.22.53:089][504]LogSlate: Updating window title bar state: overlay mode, drag disabled, window buttons hidden, title bar hidden
[2018.09.24-11.22.53:130][504]LogPlayLevel: Display: Shutting down PIE online subsystems
[2018.09.24-11.22.53:151][504]LogSlate: Updating window title bar state: overlay mode, drag disabled, window buttons hidden, title bar hidden
[2018.09.24-11.22.53:209][508]LogPlayLevel: Display: Destroying online subsystem :Context_4
[2018.09.24-11.22.53:956][544]Candidate modules for hot reload:
[2018.09.24-11.22.53:956][544]  CaptFunctionalUnreal
[2018.09.24-11.22.53:956][544]Launching UnrealBuildTool... [C:/Program Files/Epic Games/UE_4.20/Engine/Binaries/DotNET/UnrealBuildTool.exe  -ModuleWithSuffix=CaptFunctionalUnreal,2069 Win64 Development -TargetType=Editor -Project="../../../../../../Development/p9examples/CaptFunctionalUnreal/CaptFunctionalUnreal.uproject" -canskiplink -nosharedpch "C:/Development/p9examples/CaptFunctionalUnreal/CaptFunctionalUnreal.uproject" ]
[2018.09.24-11.22.53:967][544]Warning: Starting HotReload took  0.0s.
[2018.09.24-11.22.56:424][667]CompilerResultsLog: New page: Compilation - Sep 24, 2018, 3:22:56 PM
[2018.09.24-11.22.56:424][667]CompilerResultsLog: Using 'git status' to determine working set for adaptive non-unity build.
[2018.09.24-11.22.56:424][667]CompilerResultsLog: Compiling game modules for hot reload
[2018.09.24-11.22.56:424][667]CompilerResultsLog: Building 1 action with 4 processes...
[2018.09.24-11.22.56:424][667]CompilerResultsLog:   [1/1] UE4Editor-CaptFunctionalUnreal-2069.dll
[2018.09.24-11.22.56:424][667]CompilerResultsLog:      Creating library C:\Development\p9examples\CaptFunctionalUnreal\Intermediate\Build\Win64\UE4Editor\Development\CaptFunctionalUnreal\UE4Editor-CaptFunctionalUnreal-2069.suppressed.lib and object C:\Development\p9examples\CaptFunctionalUnreal\Intermediate\Build\Win64\UE4Editor\Development\CaptFunctionalUnreal\UE4Editor-CaptFunctionalUnreal-2069.suppressed.exp
[2018.09.24-11.22.56:424][667]CompilerResultsLog: Error:   CaptainFunctionalPawn.cpp.obj : error LNK2019: unresolved external symbol "private: void __cdecl ACaptainFunctionalPawn::InputSetup(void)" (?InputSetup@ACaptainFunctionalPawn@@AEAAXXZ) referenced in function "protected: virtual void __cdecl ACaptainFunctionalPawn::BeginPlay(void)" (?BeginPlay@ACaptainFunctionalPawn@@MEAAXXZ)
[2018.09.24-11.22.56:424][667]CompilerResultsLog: Error:   C:\Development\p9examples\CaptFunctionalUnreal\Binaries\Win64\UE4Editor-CaptFunctionalUnreal-2069.dll : fatal error LNK1120: 1 unresolved externals
[2018.09.24-11.22.56:424][667]CompilerResultsLog: ERROR: UBT ERROR: Failed to produce item: C:\Development\p9examples\CaptFunctionalUnreal\Binaries\Win64\UE4Editor-CaptFunctionalUnreal-2069.dll
[2018.09.24-11.22.56:424][667]CompilerResultsLog:        (see ../Programs/UnrealBuildTool/Log.txt for full exception trace)
[2018.09.24-11.22.56:424][667]CompilerResultsLog: Total build time: 2,15 seconds (Parallel executor: 0,00 seconds)
[2018.09.24-11.22.56:424][667]LogMainFrame: MainFrame: Module compiling took 2.479 seconds
[2018.09.24-11.22.56:424][667]Warning: HotReload failed, recompile failed
[2018.09.24-11.24.07:106][848]LogSlate: Window 'Message Log' being destroyed
[2018.09.24-11.24.07:108][848]LogSlate: Window 'Message Log' being destroyed
[2018.09.24-11.24.08:960][903]Candidate modules for hot reload:
[2018.09.24-11.24.08:960][903]  CaptFunctionalUnreal
[2018.09.24-11.24.08:960][903]Launching UnrealBuildTool... [C:/Program Files/Epic Games/UE_4.20/Engine/Binaries/DotNET/UnrealBuildTool.exe  -ModuleWithSuffix=CaptFunctionalUnreal,3070 Win64 Development -TargetType=Editor -Project="../../../../../../Development/p9examples/CaptFunctionalUnreal/CaptFunctionalUnreal.uproject" -canskiplink -nosharedpch "C:/Development/p9examples/CaptFunctionalUnreal/CaptFunctionalUnreal.uproject" ]
[2018.09.24-11.24.08:965][903]Warning: Starting HotReload took  0.0s.
[2018.09.24-11.24.28:415][854]CompilerResultsLog: New page: Compilation - Sep 24, 2018, 3:24:28 PM
[2018.09.24-11.24.28:415][854]CompilerResultsLog: Using 'git status' to determine working set for adaptive non-unity build.
[2018.09.24-11.24.28:415][854]CompilerResultsLog: Compiling game modules for hot reload
[2018.09.24-11.24.28:415][854]CompilerResultsLog: Parsing headers for CaptFunctionalUnrealEditor
[2018.09.24-11.24.28:415][854]CompilerResultsLog:   Running UnrealHeaderTool "C:\Development\p9examples\CaptFunctionalUnreal\CaptFunctionalUnreal.uproject" "C:\Development\p9examples\CaptFunctionalUnreal\Intermediate\Build\Win64\CaptFunctionalUnrealEditor\Development\CaptFunctionalUnrealEditor.uhtmanifest" -LogCmds="loginit warning, logexit warning, logdatabase error" -Unattended -WarningsAsErrors -installed
[2018.09.24-11.24.28:415][854]CompilerResultsLog: Reflection code generated for CaptFunctionalUnrealEditor in 12,1408257 seconds
[2018.09.24-11.24.28:415][854]CompilerResultsLog: Building 4 actions with 4 processes...
[2018.09.24-11.24.28:415][854]CompilerResultsLog:   [1/4] CaptainFunctionalPawn.cpp
[2018.09.24-11.24.28:415][854]CompilerResultsLog:    C:\Development\p9examples\CaptFunctionalUnreal\Source\CaptFunctionalUnreal\CaptainFunctionalPawn.cpp(18) : error C3861: 'InputSetup': identifier not found
[2018.09.24-11.24.28:415][854]CompilerResultsLog:   [2/4] CaptainFunctionalPawn.gen.cpp
[2018.09.24-11.24.28:415][854]CompilerResultsLog: ERROR: UBT ERROR: Failed to produce item: C:\Development\p9examples\CaptFunctionalUnreal\Binaries\Win64\UE4Editor-CaptFunctionalUnreal-3070.dll
[2018.09.24-11.24.28:415][854]CompilerResultsLog:        (see ../Programs/UnrealBuildTool/Log.txt for full exception trace)
[2018.09.24-11.24.28:415][854]CompilerResultsLog: Total build time: 19,17 seconds (Parallel executor: 0,00 seconds)
[2018.09.24-11.24.28:415][854]LogMainFrame: MainFrame: Module compiling took 19.464 seconds
[2018.09.24-11.24.28:415][854]Warning: HotReload failed, recompile failed
[2018.09.24-11.24.45:550][492]LogSlate: Window 'Message Log' being destroyed
[2018.09.24-11.24.45:560][492]LogSlate: Window 'Message Log' being destroyed
[2018.09.24-11.24.46:394][536]Candidate modules for hot reload:
[2018.09.24-11.24.46:394][536]  CaptFunctionalUnreal
[2018.09.24-11.24.46:394][536]Launching UnrealBuildTool... [C:/Program Files/Epic Games/UE_4.20/Engine/Binaries/DotNET/UnrealBuildTool.exe  -ModuleWithSuffix=CaptFunctionalUnreal,3126 Win64 Development -TargetType=Editor -Project="../../../../../../Development/p9examples/CaptFunctionalUnreal/CaptFunctionalUnreal.uproject" -canskiplink -nosharedpch "C:/Development/p9examples/CaptFunctionalUnreal/CaptFunctionalUnreal.uproject" ]
[2018.09.24-11.24.46:406][536]Warning: Starting HotReload took  0.0s.
[2018.09.24-11.24.53:747][903]CompilerResultsLog: New page: Compilation - Sep 24, 2018, 3:24:53 PM
[2018.09.24-11.24.53:748][903]CompilerResultsLog: Using 'git status' to determine working set for adaptive non-unity build.
[2018.09.24-11.24.53:748][903]CompilerResultsLog: Compiling game modules for hot reload
[2018.09.24-11.24.53:748][903]CompilerResultsLog: Building 3 actions with 4 processes...
[2018.09.24-11.24.53:748][903]CompilerResultsLog:   [1/3] CaptainFunctionalPawn.cpp
[2018.09.24-11.24.53:748][903]CompilerResultsLog:   [2/3] UE4Editor-CaptFunctionalUnreal-3126.lib
[2018.09.24-11.24.53:748][903]CompilerResultsLog:      Creating library C:\Development\p9examples\CaptFunctionalUnreal\Intermediate\Build\Win64\UE4Editor\Development\CaptFunctionalUnreal\UE4Editor-CaptFunctionalUnreal-3126.lib and object C:\Development\p9examples\CaptFunctionalUnreal\Intermediate\Build\Win64\UE4Editor\Development\CaptFunctionalUnreal\UE4Editor-CaptFunctionalUnreal-3126.exp
[2018.09.24-11.24.53:748][903]CompilerResultsLog:   [3/3] UE4Editor-CaptFunctionalUnreal-3126.dll
[2018.09.24-11.24.53:748][903]CompilerResultsLog:      Creating library C:\Development\p9examples\CaptFunctionalUnreal\Intermediate\Build\Win64\UE4Editor\Development\CaptFunctionalUnreal\UE4Editor-CaptFunctionalUnreal-3126.suppressed.lib and object C:\Development\p9examples\CaptFunctionalUnreal\Intermediate\Build\Win64\UE4Editor\Development\CaptFunctionalUnreal\UE4Editor-CaptFunctionalUnreal-3126.suppressed.exp
[2018.09.24-11.24.53:748][903]CompilerResultsLog: Total build time: 7,02 seconds (Parallel executor: 5,20 seconds)
[2018.09.24-11.24.53:748][903]LogMainFrame: MainFrame: Module compiling took 7.362 seconds
[2018.09.24-11.24.53:790][903]LogContentBrowser: Native class hierarchy populated in 0.0136 seconds. Added 2574 classes and 607 folders.
[2018.09.24-11.24.53:790][903]Display: HotReload took  7.4s.
[2018.09.24-11.25.07:188][578]LogTemp: Repeating last play command: Selected Viewport
[2018.09.24-11.25.07:202][578]LogPlayLevel: PlayLevel: No blueprints needed recompiling
[2018.09.24-11.25.07:203][578]PIE: New page: PIE session: Untitled_1 (Sep 24, 2018, 3:25:07 PM)
[2018.09.24-11.25.07:203][578]LogPlayLevel: Creating play world package: /Temp/UEDPIE_0_Untitled_1
[2018.09.24-11.25.07:207][578]LogPlayLevel: PIE: StaticDuplicateObject took: (0.003887s)
[2018.09.24-11.25.07:208][578]LogAIModule: Creating AISystem for world Untitled_1
[2018.09.24-11.25.07:208][578]LogPlayLevel: PIE: World Init took: (0.001042s)
[2018.09.24-11.25.07:208][578]LogPlayLevel: PIE: Created PIE world by copying editor world from /Temp/Untitled_1.Untitled_1 to /Temp/UEDPIE_0_Untitled_1.Untitled_1 (0.005116s)
[2018.09.24-11.25.07:233][578]LogInit: XAudio2 using 'Speaker/Headphone (Realtek High Definition Audio)' : 2 channels at 48 kHz using 32 bits per sample (channel mask 0x3)
[2018.09.24-11.25.07:247][578]LogInit: FAudioDevice initialized.
[2018.09.24-11.25.07:278][578]LogLoad: Game class is 'GameModeBase'
[2018.09.24-11.25.07:278][578]LogWorld: Bringing World /Temp/UEDPIE_0_Untitled_1.Untitled_1 up for play (max tick rate 0) at 2018.09.24-13.25.07
[2018.09.24-11.25.07:279][578]LogWorld: Bringing up level for play took: 0.000635
[2018.09.24-11.25.07:291][578]PIE: Play in editor start time for /Temp/UEDPIE_0_Untitled_1 0.267
[2018.09.24-11.25.19:842][290]LogSlate: FSceneViewport::OnFocusLost() reason 2
[2018.09.24-11.25.28:575][789]Cmd: SELECT NONE
[2018.09.24-11.25.29:281][828]Cmd: SELECT NONE
[2018.09.24-11.25.29:654][848]Cmd: SELECT NONE
[2018.09.24-11.25.29:848][858]Cmd: SELECT NONE
[2018.09.24-11.25.30:021][867]Cmd: SELECT NONE
[2018.09.24-11.25.30:228][878]Cmd: SELECT NONE
[2018.09.24-11.25.33:724][ 70]LogSlate: Updating window title bar state: overlay mode, drag disabled, window buttons hidden, title bar hidden
[2018.09.24-11.25.33:766][ 70]LogPlayLevel: Display: Shutting down PIE online subsystems
[2018.09.24-11.25.33:787][ 70]LogSlate: Updating window title bar state: overlay mode, drag disabled, window buttons hidden, title bar hidden
[2018.09.24-11.25.33:845][ 74]LogPlayLevel: Display: Destroying online subsystem :Context_5
[2018.09.24-11.25.53:600][162]LogSlate: FSceneViewport::OnFocusLost() reason 0
[2018.09.24-11.26.19:279][280]LogTemp: Repeating last play command: Selected Viewport
[2018.09.24-11.26.19:294][280]LogPlayLevel: PlayLevel: No blueprints needed recompiling
[2018.09.24-11.26.19:294][280]PIE: New page: PIE session: Untitled_1 (Sep 24, 2018, 3:26:19 PM)
[2018.09.24-11.26.19:294][280]LogPlayLevel: Creating play world package: /Temp/UEDPIE_0_Untitled_1
[2018.09.24-11.26.19:297][280]LogPlayLevel: PIE: StaticDuplicateObject took: (0.003461s)
[2018.09.24-11.26.19:298][280]LogAIModule: Creating AISystem for world Untitled_1
[2018.09.24-11.26.19:298][280]LogPlayLevel: PIE: World Init took: (0.000818s)
[2018.09.24-11.26.19:298][280]LogPlayLevel: PIE: Created PIE world by copying editor world from /Temp/Untitled_1.Untitled_1 to /Temp/UEDPIE_0_Untitled_1.Untitled_1 (0.004433s)
[2018.09.24-11.26.19:356][280]LogInit: XAudio2 using 'Speaker/Headphone (Realtek High Definition Audio)' : 2 channels at 48 kHz using 32 bits per sample (channel mask 0x3)
[2018.09.24-11.26.19:367][280]LogInit: FAudioDevice initialized.
[2018.09.24-11.26.19:400][280]LogLoad: Game class is 'GameModeBase'
[2018.09.24-11.26.19:401][280]LogWorld: Bringing World /Temp/UEDPIE_0_Untitled_1.Untitled_1 up for play (max tick rate 0) at 2018.09.24-13.26.19
[2018.09.24-11.26.19:401][280]LogWorld: Bringing up level for play took: 0.000578
[2018.09.24-11.26.19:414][280]PIE: Play in editor start time for /Temp/UEDPIE_0_Untitled_1 0.391
[2018.09.24-11.26.20:967][378]LogSlate: Updating window title bar state: overlay mode, drag disabled, window buttons hidden, title bar hidden
[2018.09.24-11.26.21:003][378]LogPlayLevel: Display: Shutting down PIE online subsystems
[2018.09.24-11.26.21:023][378]LogSlate: Updating window title bar state: overlay mode, drag disabled, window buttons hidden, title bar hidden
[2018.09.24-11.26.21:070][382]LogPlayLevel: Display: Destroying online subsystem :Context_6
[2018.09.24-11.26.24:463][551]LogEditorViewport: Clicking on Actor (LMB): CameraActor (CameraActor)
[2018.09.24-11.26.25:477][590]LogSlate: Took 0.000216 seconds to synchronously load lazily loaded font '../../../Engine/Content/Slate/Fonts/Roboto-Italic.ttf' (157K)
[2018.09.24-11.26.26:662][639]LogSlate: FSceneViewport::OnFocusLost() reason 0
[2018.09.24-11.26.50:814][636]LogSlate: FSceneViewport::OnFocusLost() reason 0
[2018.09.24-11.27.03:516][390]LogEditorViewport: Clicking on Actor (LMB): BP_Sky_Sphere_C (Sky Sphere)
[2018.09.24-11.27.04:497][433]LogSlate: FSceneViewport::OnFocusLost() reason 0
[2018.09.24-11.27.11:093][809]LogSlate: FSceneViewport::OnFocusLost() reason 0
[2018.09.24-11.27.18:120][248]LogSlate: FSceneViewport::OnFocusLost() reason 0
[2018.09.24-11.27.18:625][278]Cmd: BRUSH ADD SELECTNEWBRUSH
[2018.09.24-11.27.20:381][365]LogSlate: FSceneViewport::OnFocusLost() reason 0
[2018.09.24-11.27.29:126][793]LogSlate: FSceneViewport::OnFocusLost() reason 0
[2018.09.24-11.27.35:557][346]LogSlate: FSceneViewport::OnFocusLost() reason 2
[2018.09.24-11.27.36:041][372]LogEditorViewport: Clicking on Actor (double click): BP_Sky_Sphere_C (Sky Sphere)
[2018.09.24-11.27.43:230][725]LogEditorViewport: Clicking on Actor (LMB): BP_Sky_Sphere_C (Sky Sphere)
[2018.09.24-11.27.45:537][831]Cmd: DELETE
[2018.09.24-11.27.45:537][831]Cmd: ACTOR DELETE
[2018.09.24-11.27.45:541][831]LogEditorActor: Deleted Actor: Brush
[2018.09.24-11.27.45:562][831]LogEditorActor: Deleted 1 Actors (0.024 secs)
[2018.09.24-11.27.51:757][123]LogSlate: FSceneViewport::OnFocusLost() reason 0
[2018.09.24-11.28.14:015][559]Candidate modules for hot reload:
[2018.09.24-11.28.14:016][559]  CaptFunctionalUnreal
[2018.09.24-11.28.14:016][559]Launching UnrealBuildTool... [C:/Program Files/Epic Games/UE_4.20/Engine/Binaries/DotNET/UnrealBuildTool.exe  -ModuleWithSuffix=CaptFunctionalUnreal,4339 Win64 Development -TargetType=Editor -Project="../../../../../../Development/p9examples/CaptFunctionalUnreal/CaptFunctionalUnreal.uproject" -canskiplink -nosharedpch "C:/Development/p9examples/CaptFunctionalUnreal/CaptFunctionalUnreal.uproject" ]
[2018.09.24-11.28.14:022][559]Warning: Starting HotReload took  0.0s.
[2018.09.24-11.28.22:154][951]CompilerResultsLog: New page: Compilation - Sep 24, 2018, 3:28:22 PM
[2018.09.24-11.28.22:154][951]CompilerResultsLog: Using 'git status' to determine working set for adaptive non-unity build.
[2018.09.24-11.28.22:154][951]CompilerResultsLog: Compiling game modules for hot reload
[2018.09.24-11.28.22:155][951]CompilerResultsLog: Building 3 actions with 4 processes...
[2018.09.24-11.28.22:155][951]CompilerResultsLog:   [1/3] CaptainFunctionalPawn.cpp
[2018.09.24-11.28.22:155][951]CompilerResultsLog:   [2/3] UE4Editor-CaptFunctionalUnreal-4339.lib
[2018.09.24-11.28.22:155][951]CompilerResultsLog:      Creating library C:\Development\p9examples\CaptFunctionalUnreal\Intermediate\Build\Win64\UE4Editor\Development\CaptFunctionalUnreal\UE4Editor-CaptFunctionalUnreal-4339.lib and object C:\Development\p9examples\CaptFunctionalUnreal\Intermediate\Build\Win64\UE4Editor\Development\CaptFunctionalUnreal\UE4Editor-CaptFunctionalUnreal-4339.exp
[2018.09.24-11.28.22:155][951]CompilerResultsLog:   [3/3] UE4Editor-CaptFunctionalUnreal-4339.dll
[2018.09.24-11.28.22:155][951]CompilerResultsLog:      Creating library C:\Development\p9examples\CaptFunctionalUnreal\Intermediate\Build\Win64\UE4Editor\Development\CaptFunctionalUnreal\UE4Editor-CaptFunctionalUnreal-4339.suppressed.lib and object C:\Development\p9examples\CaptFunctionalUnreal\Intermediate\Build\Win64\UE4Editor\Development\CaptFunctionalUnreal\UE4Editor-CaptFunctionalUnreal-4339.suppressed.exp
[2018.09.24-11.28.22:155][951]CompilerResultsLog: Total build time: 7,74 seconds (Parallel executor: 5,42 seconds)
[2018.09.24-11.28.22:155][951]LogMainFrame: MainFrame: Module compiling took 8.151 seconds
[2018.09.24-11.28.22:197][951]LogContentBrowser: Native class hierarchy populated in 0.0123 seconds. Added 2574 classes and 607 folders.
[2018.09.24-11.28.22:197][951]Display: HotReload took  8.2s.
[2018.09.24-11.28.24:153][ 50]LogTemp: Repeating last play command: Selected Viewport
[2018.09.24-11.28.24:170][ 50]LogPlayLevel: PlayLevel: No blueprints needed recompiling
[2018.09.24-11.28.24:170][ 50]PIE: New page: PIE session: Untitled_1 (Sep 24, 2018, 3:28:24 PM)
[2018.09.24-11.28.24:170][ 50]LogPlayLevel: Creating play world package: /Temp/UEDPIE_0_Untitled_1
[2018.09.24-11.28.24:173][ 50]LogPlayLevel: PIE: StaticDuplicateObject took: (0.002216s)
[2018.09.24-11.28.24:174][ 50]LogAIModule: Creating AISystem for world Untitled_1
[2018.09.24-11.28.24:174][ 50]LogPlayLevel: PIE: World Init took: (0.001322s)
[2018.09.24-11.28.24:174][ 50]LogPlayLevel: PIE: Created PIE world by copying editor world from /Temp/Untitled_1.Untitled_1 to /Temp/UEDPIE_0_Untitled_1.Untitled_1 (0.003918s)
[2018.09.24-11.28.24:201][ 50]LogInit: XAudio2 using 'Speaker/Headphone (Realtek High Definition Audio)' : 2 channels at 48 kHz using 32 bits per sample (channel mask 0x3)
[2018.09.24-11.28.24:213][ 50]LogInit: FAudioDevice initialized.
[2018.09.24-11.28.24:246][ 50]LogLoad: Game class is 'GameModeBase'
[2018.09.24-11.28.24:246][ 50]LogWorld: Bringing World /Temp/UEDPIE_0_Untitled_1.Untitled_1 up for play (max tick rate 0) at 2018.09.24-13.28.24
[2018.09.24-11.28.24:247][ 50]LogWorld: Bringing up level for play took: 0.000576
[2018.09.24-11.28.24:259][ 50]PIE: Play in editor start time for /Temp/UEDPIE_0_Untitled_1 -0.765
[2018.09.24-11.28.33:643][638]LogSlate: Updating window title bar state: overlay mode, drag disabled, window buttons hidden, title bar hidden
[2018.09.24-11.28.33:685][638]LogPlayLevel: Display: Shutting down PIE online subsystems
[2018.09.24-11.28.33:707][638]LogSlate: Updating window title bar state: overlay mode, drag disabled, window buttons hidden, title bar hidden
[2018.09.24-11.28.33:749][641]LogPlayLevel: Display: Destroying online subsystem :Context_7
[2018.09.24-11.28.39:820][943]LogEditorViewport: Clicking on Actor (LMB): PlayerStart (Player Start)
[2018.09.24-11.28.40:903][996]Cmd: DELETE
[2018.09.24-11.28.40:903][996]Cmd: ACTOR DELETE
[2018.09.24-11.28.40:907][996]LogEditorActor: Deleted Actor: PlayerStart
[2018.09.24-11.28.40:929][996]LogEditorActor: Deleted 1 Actors (0.025 secs)
[2018.09.24-11.28.42:681][ 81]LogSlate: FSceneViewport::OnFocusLost() reason 0
[2018.09.24-11.28.42:704][ 82]LogTemp: Repeating last play command: Selected Viewport
[2018.09.24-11.28.42:720][ 82]LogPlayLevel: PlayLevel: No blueprints needed recompiling
[2018.09.24-11.28.42:721][ 82]PIE: New page: PIE session: Untitled_1 (Sep 24, 2018, 3:28:42 PM)
[2018.09.24-11.28.42:721][ 82]LogPlayLevel: Creating play world package: /Temp/UEDPIE_0_Untitled_1
[2018.09.24-11.28.42:723][ 82]LogPlayLevel: PIE: StaticDuplicateObject took: (0.002433s)
[2018.09.24-11.28.42:724][ 82]LogAIModule: Creating AISystem for world Untitled_1
[2018.09.24-11.28.42:724][ 82]LogPlayLevel: PIE: World Init took: (0.000688s)
[2018.09.24-11.28.42:724][ 82]LogPlayLevel: PIE: Created PIE world by copying editor world from /Temp/Untitled_1.Untitled_1 to /Temp/UEDPIE_0_Untitled_1.Untitled_1 (0.003253s)
[2018.09.24-11.28.42:751][ 82]LogInit: XAudio2 using 'Speaker/Headphone (Realtek High Definition Audio)' : 2 channels at 48 kHz using 32 bits per sample (channel mask 0x3)
[2018.09.24-11.28.42:766][ 82]LogInit: FAudioDevice initialized.
[2018.09.24-11.28.42:801][ 82]LogLoad: Game class is 'GameModeBase'
[2018.09.24-11.28.42:802][ 82]LogWorld: Bringing World /Temp/UEDPIE_0_Untitled_1.Untitled_1 up for play (max tick rate 0) at 2018.09.24-13.28.42
[2018.09.24-11.28.42:802][ 82]LogWorld: Bringing up level for play took: 0.000539
[2018.09.24-11.28.42:814][ 82]PIE: Play in editor start time for /Temp/UEDPIE_0_Untitled_1 -0.21
[2018.09.24-11.28.54:397][744]LogSlate: Updating window title bar state: overlay mode, drag disabled, window buttons hidden, title bar hidden
[2018.09.24-11.28.54:444][744]LogPlayLevel: Display: Shutting down PIE online subsystems
[2018.09.24-11.28.54:464][744]LogSlate: Updating window title bar state: overlay mode, drag disabled, window buttons hidden, title bar hidden
[2018.09.24-11.28.54:503][747]LogPlayLevel: Display: Destroying online subsystem :Context_8
[2018.09.24-11.29.00:264][ 14]LogSlate: FSceneViewport::OnFocusLost() reason 0
[2018.09.24-11.29.34:590][596]LogSlate: Window 'Add Blueprint Component' being destroyed
[2018.09.24-11.29.46:942][738]LogSlate: Window 'Add C++ Component' being destroyed
[2018.09.24-11.29.46:949][738]LogUObjectGlobals: Warning: Failed to find object 'Class None.'
[2018.09.24-11.29.50:062][870]Cmd: OBJ SAVEPACKAGE PACKAGE="/Temp/Untitled_1" FILE="../../../../../../Development/p9examples/CaptFunctionalUnreal/Saved/Autosaves/Temp/Untitled_1_Auto2.umap" SILENT=true AUTOSAVING=true KEEPDIRTY=false
[2018.09.24-11.29.50:104][870]LogSavePackage: Moving '../../../../../../Development/p9examples/CaptFunctionalUnreal/Saved/Untitled_1_Auto287BA66C64E292E17D8DBEAADE161849E.tmp' to '../../../../../../Development/p9examples/CaptFunctionalUnreal/Saved/Autosaves/Temp/Untitled_1_Auto2.umap'
[2018.09.24-11.29.50:109][870]LogFileHelpers: Editor autosave (incl. sublevels) for '/Temp/Untitled_1' took 0.067
[2018.09.24-11.29.50:109][870]LogFileHelpers: Editor autosave (incl. sublevels) for all levels took 0.067
[2018.09.24-11.30.08:445][ 49]LogTemp: Repeating last play command: Selected Viewport
[2018.09.24-11.30.08:460][ 49]LogPlayLevel: PlayLevel: No blueprints needed recompiling
[2018.09.24-11.30.08:460][ 49]PIE: New page: PIE session: Untitled_1 (Sep 24, 2018, 3:30:08 PM)
[2018.09.24-11.30.08:461][ 49]LogPlayLevel: Creating play world package: /Temp/UEDPIE_0_Untitled_1
[2018.09.24-11.30.08:463][ 49]LogPlayLevel: PIE: StaticDuplicateObject took: (0.002187s)
[2018.09.24-11.30.08:463][ 49]LogAIModule: Creating AISystem for world Untitled_1
[2018.09.24-11.30.08:464][ 49]LogPlayLevel: PIE: World Init took: (0.000744s)
[2018.09.24-11.30.08:464][ 49]LogPlayLevel: PIE: Created PIE world by copying editor world from /Temp/Untitled_1.Untitled_1 to /Temp/UEDPIE_0_Untitled_1.Untitled_1 (0.003067s)
[2018.09.24-11.30.08:493][ 49]LogInit: XAudio2 using 'Speaker/Headphone (Realtek High Definition Audio)' : 2 channels at 48 kHz using 32 bits per sample (channel mask 0x3)
[2018.09.24-11.30.08:507][ 49]LogInit: FAudioDevice initialized.
[2018.09.24-11.30.08:538][ 49]LogLoad: Game class is 'GameModeBase'
[2018.09.24-11.30.08:539][ 49]LogWorld: Bringing World /Temp/UEDPIE_0_Untitled_1.Untitled_1 up for play (max tick rate 0) at 2018.09.24-13.30.08
[2018.09.24-11.30.08:539][ 49]LogWorld: Bringing up level for play took: 0.000603
[2018.09.24-11.30.08:553][ 49]PIE: Play in editor start time for /Temp/UEDPIE_0_Untitled_1 -0.471
[2018.09.24-11.30.20:616][723]LogSlate: FSceneViewport::OnFocusLost() reason 2
[2018.09.24-11.30.41:927][ 83]LogSlate: FSceneViewport::OnFocusLost() reason 2
[2018.09.24-11.30.49:624][977]LogSlate: FSceneViewport::OnFocusLost() reason 2
[2018.09.24-11.30.49:640][977]LogSlate: Updating window title bar state: overlay mode, drag disabled, window buttons hidden, title bar hidden
[2018.09.24-11.30.49:649][977]LogSlate: Updating window title bar state: overlay mode, drag disabled, window buttons hidden, title bar hidden
[2018.09.24-11.30.49:656][977]LogSlate: Updating window title bar state: overlay mode, drag disabled, window buttons hidden, title bar hidden
[2018.09.24-11.30.49:663][977]LogSlate: Updating window title bar state: overlay mode, drag disabled, window buttons hidden, title bar hidden
[2018.09.24-11.30.56:729][269]LogSlate: Window 'Viewport 2' being destroyed
[2018.09.24-11.31.51:375][646]Cmd: SELECT NONE
[2018.09.24-11.31.51:559][655]Cmd: SELECT NONE
[2018.09.24-11.31.51:708][662]Cmd: SELECT NONE
[2018.09.24-11.31.51:857][670]Cmd: SELECT NONE
[2018.09.24-11.31.52:018][678]Cmd: SELECT NONE
[2018.09.24-11.31.57:844][833]Cmd: SELECT NONE
[2018.09.24-11.31.58:000][841]Cmd: SELECT NONE
[2018.09.24-11.31.58:160][849]Cmd: SELECT NONE
[2018.09.24-11.31.58:399][862]Cmd: SELECT NONE
